4/28 11:01:21.658  Initialize
4/28 11:01:22.690  Wait Started -- FileData ID 985799
4/28 11:01:22.690  Wait Finished -- FileData ID 985799
4/28 11:01:22.742  Wait Started -- FileData ID 1305138
4/28 11:01:22.742  Wait Finished -- FileData ID 1305138
4/28 11:01:22.742  Wait Started -- FileData ID 1305137
4/28 11:01:22.742  Wait Finished -- FileData ID 1305137
4/28 11:01:33.172  Cancel requested -- Interface\Glues\AccountUpgrade\golden-main.blp
4/28 11:01:33.172  Cancel requested -- Interface\Glues\AccountUpgrade\golden-h.blp
4/28 11:01:33.172  Cancel requested -- Interface\Glues\AccountUpgrade\golden-v.blp
4/28 11:01:33.172  Cancel requested -- Interface\Glues\AccountUpgrade\banners.blp
4/28 11:01:33.172  Cancel requested -- Interface\AchievementFrame\UI-Achievement-IconFrame.blp
4/28 11:01:33.172  Cancel requested -- Interface\FrameGeneral\UI-Background-Rock.blp
4/28 11:01:33.172  Cancel requested -- FileData ID 1723833
4/28 11:01:33.172  Cancel requested -- FileData ID 2406979
4/28 11:01:33.172  Cancel requested -- FileData ID 2406987
4/28 11:01:33.172  Cancel requested -- FileData ID 2406984
4/28 11:01:33.172  Cancel requested -- Interface\COMMON\StreamBackground.blp
4/28 11:01:33.172  Cancel requested -- Interface\COMMON\StreamFrame.blp
4/28 11:01:33.172  Cancel requested -- Interface\COMMON\StreamCircle.blp
4/28 11:01:33.172  Cancel requested -- Interface\COMMON\StreamSpark.blp
4/28 11:01:33.172  Cancel processed -- Interface\COMMON\StreamBackground.blp
4/28 11:01:33.172  Cancel processed -- Interface\COMMON\StreamFrame.blp
4/28 11:01:33.172  Cancel processed -- Interface\COMMON\StreamCircle.blp
4/28 11:01:33.172  Cancel processed -- Interface\COMMON\StreamSpark.blp
4/28 11:01:33.172  Cancel processed -- Interface\Glues\AccountUpgrade\golden-main.blp
4/28 11:01:33.172  Cancel processed -- Interface\AchievementFrame\UI-Achievement-IconFrame.blp
4/28 11:01:33.172  Cancel processed -- Interface\Glues\AccountUpgrade\golden-h.blp
4/28 11:01:33.172  Cancel processed -- Interface\Glues\AccountUpgrade\golden-v.blp
4/28 11:01:33.172  Cancel processed -- Interface\Glues\AccountUpgrade\banners.blp
4/28 11:01:33.172  Cancel processed -- Interface\FrameGeneral\UI-Background-Rock.blp
4/28 11:01:33.172  Cancel processed -- FileData ID 1723833
4/28 11:01:33.172  Cancel processed -- FileData ID 2406979
4/28 11:01:33.172  Cancel processed -- FileData ID 2406987
4/28 11:01:33.172  Cancel processed -- FileData ID 2406984
4/28 11:01:33.210  Wait Started -- FileData ID 1662242
4/28 11:01:33.262  Wait Finished -- FileData ID 1662242
4/28 11:01:33.262  Wait Started -- FileData ID 1662335
4/28 11:01:33.315  Wait Finished -- FileData ID 1662335
4/28 11:01:33.315  Wait Started -- FileData ID 1811221
4/28 11:01:33.379  Wait Finished -- FileData ID 1811221
4/28 11:01:33.379  Wait Started -- FileData ID 1811223
4/28 11:01:33.430  Wait Finished -- FileData ID 1811223
4/28 11:01:33.430  Wait Started -- FileData ID 1811225
4/28 11:01:33.485  Wait Finished -- FileData ID 1811225
4/28 11:01:33.485  Wait Started -- FileData ID 1811227
4/28 11:01:33.485  Wait Finished -- FileData ID 1811227
4/28 11:01:33.485  Wait Started -- FileData ID 1811229
4/28 11:01:33.485  Wait Finished -- FileData ID 1811229
4/28 11:01:33.485  Wait Started -- FileData ID 1811231
4/28 11:01:33.485  Wait Finished -- FileData ID 1811231
4/28 11:01:33.485  Wait Started -- FileData ID 1811233
4/28 11:01:33.485  Wait Finished -- FileData ID 1811233
4/28 11:01:33.485  Wait Started -- FileData ID 1811235
4/28 11:01:33.485  Wait Finished -- FileData ID 1811235
4/28 11:01:33.485  Wait Started -- FileData ID 1811237
4/28 11:01:33.485  Wait Finished -- FileData ID 1811237
4/28 11:01:33.485  Wait Started -- FileData ID 1811239
4/28 11:01:33.485  Wait Finished -- FileData ID 1811239
4/28 11:01:33.485  Wait Started -- FileData ID 1811241
4/28 11:01:33.485  Wait Finished -- FileData ID 1811241
4/28 11:01:33.485  Wait Started -- FileData ID 1811243
4/28 11:01:33.485  Wait Finished -- FileData ID 1811243
4/28 11:01:33.485  Wait Started -- FileData ID 1811245
4/28 11:01:33.500  Wait Finished -- FileData ID 1811245
4/28 11:01:33.500  Wait Started -- FileData ID 1811247
4/28 11:01:33.500  Wait Finished -- FileData ID 1811247
4/28 11:01:33.500  Wait Started -- FileData ID 1811249
4/28 11:01:33.500  Wait Finished -- FileData ID 1811249
4/28 11:01:33.500  Wait Started -- FileData ID 1811251
4/28 11:01:33.500  Wait Finished -- FileData ID 1811251
4/28 11:01:33.500  Wait Started -- FileData ID 1811253
4/28 11:01:33.500  Wait Finished -- FileData ID 1811253
4/28 11:01:33.500  Wait Started -- FileData ID 1811255
4/28 11:01:33.500  Wait Finished -- FileData ID 1811255
4/28 11:01:33.500  Wait Started -- FileData ID 1811257
4/28 11:01:33.500  Wait Finished -- FileData ID 1811257
4/28 11:01:33.500  Wait Started -- FileData ID 1811259
4/28 11:01:33.500  Wait Finished -- FileData ID 1811259
4/28 11:01:33.500  Wait Started -- FileData ID 1811261
4/28 11:01:33.500  Wait Finished -- FileData ID 1811261
4/28 11:01:33.500  Wait Started -- FileData ID 1811263
4/28 11:01:33.500  Wait Finished -- FileData ID 1811263
4/28 11:01:33.500  Wait Started -- FileData ID 1811265
4/28 11:01:33.512  Wait Finished -- FileData ID 1811265
4/28 11:01:33.512  Wait Started -- FileData ID 1811267
4/28 11:01:33.512  Wait Finished -- FileData ID 1811267
4/28 11:01:36.573  Wait Started -- FileData ID 131948
4/28 11:01:36.574  Wait Finished -- FileData ID 131948
4/28 11:01:36.574  Wait Started -- FileData ID 481178
4/28 11:01:36.574  Wait Finished -- FileData ID 481178
4/28 11:01:36.574  Wait Started -- FileData ID 1063499
4/28 11:01:36.574  Wait Finished -- FileData ID 1063499
4/28 11:01:36.574  Wait Started -- FileData ID 644000
4/28 11:01:36.574  Wait Finished -- FileData ID 644000
4/28 11:01:36.574  Wait Started -- FileData ID 1063500
4/28 11:01:36.574  Wait Finished -- FileData ID 1063500
4/28 11:01:36.574  Wait Started -- FileData ID 1063502
4/28 11:01:36.574  Wait Finished -- FileData ID 1063502
4/28 11:01:36.574  Wait Started -- FileData ID 1063503
4/28 11:01:36.574  Wait Finished -- FileData ID 1063503
4/28 11:01:36.574  Wait Started -- FileData ID 1063504
4/28 11:01:36.574  Wait Finished -- FileData ID 1063504
4/28 11:01:36.574  Wait Started -- FileData ID 1063505
4/28 11:01:36.574  Wait Finished -- FileData ID 1063505
4/28 11:01:36.574  Wait Started -- FileData ID 1063506
4/28 11:01:36.574  Wait Finished -- FileData ID 1063506
4/28 11:01:36.574  Wait Started -- FileData ID 1063507
4/28 11:01:36.574  Wait Finished -- FileData ID 1063507
4/28 11:01:36.574  Wait Started -- FileData ID 1063508
4/28 11:01:36.574  Wait Finished -- FileData ID 1063508
4/28 11:01:36.574  Wait Started -- FileData ID 605378
4/28 11:01:36.574  Wait Finished -- FileData ID 605378
4/28 11:01:36.574  Wait Started -- FileData ID 605373
4/28 11:01:36.574  Wait Finished -- FileData ID 605373
4/28 11:01:36.574  Wait Started -- FileData ID 605374
4/28 11:01:36.574  Wait Finished -- FileData ID 605374
4/28 11:01:36.574  Wait Started -- FileData ID 605377
4/28 11:01:36.590  Wait Finished -- FileData ID 605377
4/28 11:01:36.590  Wait Started -- FileData ID 605376
4/28 11:01:36.590  Wait Finished -- FileData ID 605376
4/28 11:01:36.590  Wait Started -- FileData ID 605375
4/28 11:01:36.590  Wait Finished -- FileData ID 605375
4/28 11:01:37.282  Wait Started -- FileData ID 131809
4/28 11:01:37.282  Wait Finished -- FileData ID 131809
4/28 11:01:40.257  Wait Started -- FileData ID 2577041
4/28 11:01:40.257  Wait Finished -- FileData ID 2577041
4/28 11:01:40.257  Wait Started -- FileData ID 2578148
4/28 11:01:40.257  Wait Finished -- FileData ID 2578148
4/28 11:01:40.257  Wait Started -- FileData ID 2577543
4/28 11:01:40.274  Wait Finished -- FileData ID 2577543
4/28 11:01:40.274  Wait Started -- FileData ID 2578145
4/28 11:01:40.274  Wait Finished -- FileData ID 2578145
4/28 11:01:40.274  Wait Started -- FileData ID 2578144
4/28 11:01:40.274  Wait Finished -- FileData ID 2578144
4/28 11:01:40.274  Wait Started -- FileData ID 2578146
4/28 11:01:40.274  Wait Finished -- FileData ID 2578146
4/28 11:01:40.274  Wait Started -- FileData ID 2578147
4/28 11:01:40.274  Wait Finished -- FileData ID 2578147
4/28 11:01:43.346  Streaming failed -- FileData ID 3165449 [Invalid file handle]. Errorstack: 
 Can't find file in build manifest


4/28 11:01:43.346  Streaming failed -- FileData ID 3165991 [Invalid file handle]. Errorstack: 
 Can't find file in build manifest


4/28 11:01:43.346  Streaming failed -- FileData ID 3165652 [Invalid file handle]. Errorstack: 
 Can't find file in build manifest


4/28 11:02:05.293  Wait Started -- FileData ID 129027
4/28 11:02:05.293  Wait Finished -- FileData ID 129027
4/28 11:02:05.293  Wait Started -- FileData ID 1396740
4/28 11:02:05.293  Wait Finished -- FileData ID 1396740
4/28 11:02:05.293  Wait Started -- FileData ID 1052685
4/28 11:02:05.293  Wait Finished -- FileData ID 1052685
4/28 11:02:05.293  Wait Started -- FileData ID 3285010
4/28 11:02:05.293  Wait Finished -- FileData ID 3285010
4/28 11:02:05.293  Wait Started -- FileData ID 1247256
4/28 11:02:05.293  Wait Finished -- FileData ID 1247256
4/28 11:02:05.293  Wait Started -- FileData ID 3004442
4/28 11:02:05.293  Wait Finished -- FileData ID 3004442
4/28 11:02:05.293  Wait Started -- FileData ID 1003547
4/28 11:02:05.293  Wait Finished -- FileData ID 1003547
4/28 11:02:05.293  Wait Started -- FileData ID 3285021
4/28 11:02:05.293  Wait Finished -- FileData ID 3285021
4/28 11:02:05.293  Wait Started -- FileData ID 3553309
4/28 11:02:05.309  Wait Finished -- FileData ID 3553309
4/28 11:02:05.309  Wait Started -- FileData ID 3549220
4/28 11:02:05.309  Wait Finished -- FileData ID 3549220
4/28 11:02:05.309  Wait Started -- FileData ID 3549221
4/28 11:02:05.309  Wait Finished -- FileData ID 3549221
4/28 11:02:05.309  Wait Started -- FileData ID 1110072
4/28 11:02:05.309  Wait Finished -- FileData ID 1110072
4/28 11:02:05.309  Wait Started -- FileData ID 1110089
4/28 11:02:05.309  Wait Finished -- FileData ID 1110089
4/28 11:02:05.309  Wait Started -- FileData ID 307282
4/28 11:02:05.309  Wait Finished -- FileData ID 307282
4/28 11:02:05.309  Wait Started -- FileData ID 3536979
4/28 11:02:05.309  Wait Finished -- FileData ID 3536979
4/28 11:02:05.309  Wait Started -- FileData ID 3536980
4/28 11:02:05.309  Wait Finished -- FileData ID 3536980
4/28 11:02:05.309  Wait Started -- FileData ID 3389525
4/28 11:02:05.309  Wait Finished -- FileData ID 3389525
4/28 11:02:05.309  Wait Started -- FileData ID 3553366
4/28 11:02:05.309  Wait Finished -- FileData ID 3553366
4/28 11:02:05.309  Wait Started -- FileData ID 307286
4/28 11:02:05.309  Wait Finished -- FileData ID 307286
4/28 11:02:05.309  Wait Started -- FileData ID 3553367
4/28 11:02:05.309  Wait Finished -- FileData ID 3553367
4/28 11:02:05.309  Wait Started -- FileData ID 3389527
4/28 11:02:05.309  Wait Finished -- FileData ID 3389527
4/28 11:02:05.309  Wait Started -- FileData ID 3553368
4/28 11:02:05.309  Wait Finished -- FileData ID 3553368
4/28 11:02:05.309  Wait Started -- FileData ID 3389529
4/28 11:02:05.309  Wait Finished -- FileData ID 3389529
4/28 11:02:05.309  Wait Started -- FileData ID 3389531
4/28 11:02:05.309  Wait Finished -- FileData ID 3389531
4/28 11:02:05.309  Wait Started -- FileData ID 3389533
4/28 11:02:05.309  Wait Finished -- FileData ID 3389533
4/28 11:02:05.309  Wait Started -- FileData ID 3541087
4/28 11:02:05.309  Wait Finished -- FileData ID 3541087
4/28 11:02:05.309  Wait Started -- FileData ID 3389535
4/28 11:02:05.309  Wait Finished -- FileData ID 3389535
4/28 11:02:05.309  Wait Started -- FileData ID 3541088
4/28 11:02:05.324  Wait Finished -- FileData ID 3541088
4/28 11:02:05.324  Wait Started -- FileData ID 3389537
4/28 11:02:05.324  Wait Finished -- FileData ID 3389537
4/28 11:02:05.324  Wait Started -- FileData ID 3389541
4/28 11:02:05.324  Wait Finished -- FileData ID 3389541
4/28 11:02:05.324  Wait Started -- FileData ID 1321071
4/28 11:02:05.324  Wait Finished -- FileData ID 1321071
4/28 11:02:05.324  Wait Started -- FileData ID 1321072
4/28 11:02:05.324  Wait Finished -- FileData ID 1321072
4/28 11:02:05.324  Wait Started -- FileData ID 1321073
4/28 11:02:05.324  Wait Finished -- FileData ID 1321073
4/28 11:02:05.324  Wait Started -- FileData ID 1321074
4/28 11:02:05.324  Wait Finished -- FileData ID 1321074
4/28 11:02:05.324  Wait Started -- FileData ID 1087602
4/28 11:02:05.324  Wait Finished -- FileData ID 1087602
4/28 11:02:05.324  Wait Started -- FileData ID 1321075
4/28 11:02:05.324  Wait Finished -- FileData ID 1321075
4/28 11:02:05.324  Wait Started -- FileData ID 1087603
4/28 11:02:05.324  Wait Finished -- FileData ID 1087603
4/28 11:02:05.324  Wait Started -- FileData ID 1116275
4/28 11:02:05.324  Wait Finished -- FileData ID 1116275
4/28 11:02:05.324  Wait Started -- FileData ID 1380467
4/28 11:02:05.340  Wait Finished -- FileData ID 1380467
4/28 11:02:05.340  Wait Started -- FileData ID 1321076
4/28 11:02:05.340  Wait Finished -- FileData ID 1321076
4/28 11:02:05.340  Wait Started -- FileData ID 1116276
4/28 11:02:05.340  Wait Finished -- FileData ID 1116276
4/28 11:02:05.340  Wait Started -- FileData ID 1321077
4/28 11:02:05.340  Wait Finished -- FileData ID 1321077
4/28 11:02:05.340  Wait Started -- FileData ID 1321078
4/28 11:02:05.340  Wait Finished -- FileData ID 1321078
4/28 11:02:05.340  Wait Started -- FileData ID 1321079
4/28 11:02:05.340  Wait Finished -- FileData ID 1321079
4/28 11:02:05.340  Wait Started -- FileData ID 1114231
4/28 11:02:05.340  Wait Finished -- FileData ID 1114231
4/28 11:02:05.340  Wait Started -- FileData ID 1087610
4/28 11:02:05.340  Wait Finished -- FileData ID 1087610
4/28 11:02:05.340  Wait Started -- FileData ID 1087611
4/28 11:02:05.361  Wait Finished -- FileData ID 1087611
4/28 11:02:05.361  Wait Started -- FileData ID 1087613
4/28 11:02:05.361  Wait Finished -- FileData ID 1087613
4/28 11:02:05.361  Wait Started -- FileData ID 1087614
4/28 11:02:05.361  Wait Finished -- FileData ID 1087614
4/28 11:02:05.361  Wait Started -- FileData ID 1261695
4/28 11:02:05.361  Wait Finished -- FileData ID 1261695
4/28 11:02:05.361  Wait Started -- FileData ID 1261696
4/28 11:02:05.371  Wait Finished -- FileData ID 1261696
4/28 11:02:05.371  Wait Started -- FileData ID 1120385
4/28 11:02:05.371  Wait Finished -- FileData ID 1120385
4/28 11:02:05.371  Wait Started -- FileData ID 3270786
4/28 11:02:05.371  Wait Finished -- FileData ID 3270786
4/28 11:02:05.371  Wait Started -- FileData ID 3270787
4/28 11:02:05.371  Wait Finished -- FileData ID 3270787
4/28 11:02:05.371  Wait Started -- FileData ID 1120387
4/28 11:02:05.371  Wait Finished -- FileData ID 1120387
4/28 11:02:05.371  Wait Started -- FileData ID 1120388
4/28 11:02:05.371  Wait Finished -- FileData ID 1120388
4/28 11:02:05.371  Wait Started -- FileData ID 3270789
4/28 11:02:05.371  Wait Finished -- FileData ID 3270789
4/28 11:02:05.371  Wait Started -- FileData ID 3270790
4/28 11:02:05.371  Wait Finished -- FileData ID 3270790
4/28 11:02:05.371  Wait Started -- FileData ID 129161
4/28 11:02:05.371  Wait Finished -- FileData ID 129161
4/28 11:02:05.371  Wait Started -- FileData ID 594064
4/28 11:02:05.387  Wait Finished -- FileData ID 594064
4/28 11:02:05.387  Wait Started -- FileData ID 594065
4/28 11:02:05.387  Wait Finished -- FileData ID 594065
4/28 11:02:05.387  Wait Started -- FileData ID 3512474
4/28 11:02:05.387  Wait Finished -- FileData ID 3512474
4/28 11:02:05.387  Wait Started -- FileData ID 3270810
4/28 11:02:05.387  Wait Finished -- FileData ID 3270810
4/28 11:02:05.387  Wait Started -- FileData ID 3270811
4/28 11:02:05.387  Wait Finished -- FileData ID 3270811
4/28 11:02:05.387  Wait Started -- FileData ID 983198
4/28 11:02:05.387  Wait Finished -- FileData ID 983198
4/28 11:02:05.387  Wait Started -- FileData ID 1255583
4/28 11:02:05.387  Wait Finished -- FileData ID 1255583
4/28 11:02:05.387  Wait Started -- FileData ID 1663136
4/28 11:02:05.387  Wait Finished -- FileData ID 1663136
4/28 11:02:05.387  Wait Started -- FileData ID 1087675
4/28 11:02:05.387  Wait Finished -- FileData ID 1087675
4/28 11:02:05.387  Wait Started -- FileData ID 137404
4/28 11:02:05.387  Wait Finished -- FileData ID 137404
4/28 11:02:05.387  Wait Started -- FileData ID 1327294
4/28 11:02:05.387  Wait Finished -- FileData ID 1327294
4/28 11:02:05.387  Wait Started -- FileData ID 1327295
4/28 11:02:05.402  Wait Finished -- FileData ID 1327295
4/28 11:02:05.402  Wait Started -- FileData ID 3526848
4/28 11:02:05.402  Wait Finished -- FileData ID 3526848
4/28 11:02:05.402  Wait Started -- FileData ID 3526849
4/28 11:02:05.402  Wait Finished -- FileData ID 3526849
4/28 11:02:05.402  Wait Started -- FileData ID 1452232
4/28 11:02:05.402  Wait Finished -- FileData ID 1452232
4/28 11:02:05.402  Wait Started -- FileData ID 1452233
4/28 11:02:05.402  Wait Finished -- FileData ID 1452233
4/28 11:02:05.402  Wait Started -- FileData ID 1343693
4/28 11:02:05.402  Wait Finished -- FileData ID 1343693
4/28 11:02:05.402  Wait Started -- FileData ID 1343694
4/28 11:02:05.402  Wait Finished -- FileData ID 1343694
4/28 11:02:05.402  Wait Started -- FileData ID 1779929
4/28 11:02:05.402  Wait Finished -- FileData ID 1779929
4/28 11:02:05.402  Wait Started -- FileData ID 3533036
4/28 11:02:05.402  Wait Finished -- FileData ID 3533036
4/28 11:02:05.402  Wait Started -- FileData ID 1251566
4/28 11:02:05.402  Wait Finished -- FileData ID 1251566
4/28 11:02:05.402  Wait Started -- FileData ID 1794289
4/28 11:02:05.402  Wait Finished -- FileData ID 1794289
4/28 11:02:05.402  Wait Started -- FileData ID 1794291
4/28 11:02:05.402  Wait Finished -- FileData ID 1794291
4/28 11:02:05.402  Wait Started -- FileData ID 145651
4/28 11:02:05.402  Wait Finished -- FileData ID 145651
4/28 11:02:05.402  Wait Started -- FileData ID 2529535
4/28 11:02:05.402  Wait Finished -- FileData ID 2529535
4/28 11:02:05.402  Wait Started -- FileData ID 944385
4/28 11:02:05.402  Wait Finished -- FileData ID 944385
4/28 11:02:05.402  Wait Started -- FileData ID 190722
4/28 11:02:05.402  Wait Finished -- FileData ID 190722
4/28 11:02:05.402  Wait Started -- FileData ID 1126670
4/28 11:02:05.402  Wait Finished -- FileData ID 1126670
4/28 11:02:05.402  Wait Started -- FileData ID 190734
4/28 11:02:05.402  Wait Finished -- FileData ID 190734
4/28 11:02:05.402  Wait Started -- FileData ID 1122584
4/28 11:02:05.418  Wait Finished -- FileData ID 1122584
4/28 11:02:05.418  Wait Started -- FileData ID 3045675
4/28 11:02:05.418  Wait Finished -- FileData ID 3045675
4/28 11:02:05.418  Wait Started -- FileData ID 1337677
4/28 11:02:05.418  Wait Finished -- FileData ID 1337677
4/28 11:02:05.418  Wait Started -- FileData ID 3551583
4/28 11:02:05.418  Wait Finished -- FileData ID 3551583
4/28 11:02:05.418  Wait Started -- FileData ID 3551584
4/28 11:02:05.418  Wait Finished -- FileData ID 3551584
4/28 11:02:05.418  Wait Started -- FileData ID 3551585
4/28 11:02:05.418  Wait Finished -- FileData ID 3551585
4/28 11:02:05.418  Wait Started -- FileData ID 878945
4/28 11:02:05.418  Wait Finished -- FileData ID 878945
4/28 11:02:05.418  Wait Started -- FileData ID 1114466
4/28 11:02:05.418  Wait Finished -- FileData ID 1114466
4/28 11:02:05.418  Wait Started -- FileData ID 878949
4/28 11:02:05.418  Wait Finished -- FileData ID 878949
4/28 11:02:05.418  Wait Started -- FileData ID 1954152
4/28 11:02:05.418  Wait Finished -- FileData ID 1954152
4/28 11:02:05.418  Wait Started -- FileData ID 166256
4/28 11:02:05.418  Wait Finished -- FileData ID 166256
4/28 11:02:05.418  Wait Started -- FileData ID 1030534
4/28 11:02:05.418  Wait Finished -- FileData ID 1030534
4/28 11:02:05.418  Wait Started -- FileData ID 1108371
4/28 11:02:05.418  Wait Finished -- FileData ID 1108371
4/28 11:02:05.418  Wait Started -- FileData ID 1108372
4/28 11:02:05.418  Wait Finished -- FileData ID 1108372
4/28 11:02:05.434  Wait Started -- FileData ID 1499555
4/28 11:02:05.434  Wait Finished -- FileData ID 1499555
4/28 11:02:05.434  Wait Started -- FileData ID 3551652
4/28 11:02:05.434  Wait Finished -- FileData ID 3551652
4/28 11:02:05.434  Wait Started -- FileData ID 1499556
4/28 11:02:05.434  Wait Finished -- FileData ID 1499556
4/28 11:02:05.434  Wait Started -- FileData ID 3551653
4/28 11:02:05.434  Wait Finished -- FileData ID 3551653
4/28 11:02:05.434  Wait Started -- FileData ID 3551654
4/28 11:02:05.434  Wait Finished -- FileData ID 3551654
4/28 11:02:05.434  Wait Started -- FileData ID 3551655
4/28 11:02:05.434  Wait Finished -- FileData ID 3551655
4/28 11:02:05.434  Wait Started -- FileData ID 1042856
4/28 11:02:05.434  Wait Finished -- FileData ID 1042856
4/28 11:02:05.434  Wait Started -- FileData ID 3551656
4/28 11:02:05.434  Wait Finished -- FileData ID 3551656
4/28 11:02:05.434  Wait Started -- FileData ID 3551657
4/28 11:02:05.434  Wait Finished -- FileData ID 3551657
4/28 11:02:05.434  Wait Started -- FileData ID 3551658
4/28 11:02:05.434  Wait Finished -- FileData ID 3551658
4/28 11:02:05.434  Wait Started -- FileData ID 1042858
4/28 11:02:05.434  Wait Finished -- FileData ID 1042858
4/28 11:02:05.434  Wait Started -- FileData ID 3551659
4/28 11:02:05.434  Wait Finished -- FileData ID 3551659
4/28 11:02:05.434  Wait Started -- FileData ID 3551660
4/28 11:02:05.434  Wait Finished -- FileData ID 3551660
4/28 11:02:05.434  Wait Started -- FileData ID 3551661
4/28 11:02:05.434  Wait Finished -- FileData ID 3551661
4/28 11:02:05.434  Wait Started -- FileData ID 1042861
4/28 11:02:05.434  Wait Finished -- FileData ID 1042861
4/28 11:02:05.434  Wait Started -- FileData ID 3551662
4/28 11:02:05.434  Wait Finished -- FileData ID 3551662
4/28 11:02:05.434  Wait Started -- FileData ID 3551663
4/28 11:02:05.434  Wait Finished -- FileData ID 3551663
4/28 11:02:05.434  Wait Started -- FileData ID 936377
4/28 11:02:05.434  Wait Finished -- FileData ID 936377
4/28 11:02:05.434  Wait Started -- FileData ID 1417659
4/28 11:02:05.434  Wait Finished -- FileData ID 1417659
4/28 11:02:05.434  Wait Started -- FileData ID 1104317
4/28 11:02:05.450  Wait Finished -- FileData ID 1104317
4/28 11:02:05.450  Wait Started -- FileData ID 946627
4/28 11:02:05.450  Wait Finished -- FileData ID 946627
4/28 11:02:05.450  Wait Started -- FileData ID 946628
4/28 11:02:05.450  Wait Finished -- FileData ID 946628
4/28 11:02:05.450  Wait Started -- FileData ID 936392
4/28 11:02:05.450  Wait Finished -- FileData ID 936392
4/28 11:02:05.450  Wait Started -- FileData ID 1034697
4/28 11:02:05.450  Wait Finished -- FileData ID 1034697
4/28 11:02:05.450  Wait Started -- FileData ID 936397
4/28 11:02:05.450  Wait Finished -- FileData ID 936397
4/28 11:02:05.450  Wait Started -- FileData ID 936400
4/28 11:02:05.450  Wait Finished -- FileData ID 936400
4/28 11:02:05.450  Wait Started -- FileData ID 244180
4/28 11:02:05.450  Wait Finished -- FileData ID 244180
4/28 11:02:05.450  Wait Started -- FileData ID 1036763
4/28 11:02:05.450  Wait Finished -- FileData ID 1036763
4/28 11:02:05.450  Wait Started -- FileData ID 1034719
4/28 11:02:05.450  Wait Finished -- FileData ID 1034719
4/28 11:02:05.450  Wait Started -- FileData ID 1122784
4/28 11:02:05.450  Wait Finished -- FileData ID 1122784
4/28 11:02:05.450  Wait Started -- FileData ID 1034722
4/28 11:02:05.450  Wait Finished -- FileData ID 1034722
4/28 11:02:05.450  Wait Started -- FileData ID 950757
4/28 11:02:05.450  Wait Finished -- FileData ID 950757
4/28 11:02:05.450  Wait Started -- FileData ID 2869751
4/28 11:02:05.470  Wait Finished -- FileData ID 2869751
4/28 11:02:05.470  Wait Started -- FileData ID 950777
4/28 11:02:05.470  Wait Finished -- FileData ID 950777
4/28 11:02:05.470  Wait Started -- FileData ID 936443
4/28 11:02:05.470  Wait Finished -- FileData ID 936443
4/28 11:02:05.470  Wait Started -- FileData ID 1032704
4/28 11:02:05.470  Wait Finished -- FileData ID 1032704
4/28 11:02:05.470  Wait Started -- FileData ID 1278474
4/28 11:02:05.470  Wait Finished -- FileData ID 1278474
4/28 11:02:05.470  Wait Started -- FileData ID 936460
4/28 11:02:05.470  Wait Finished -- FileData ID 936460
4/28 11:02:05.470  Wait Started -- FileData ID 3510798
4/28 11:02:05.470  Wait Finished -- FileData ID 3510798
4/28 11:02:05.470  Wait Started -- FileData ID 930325
4/28 11:02:05.482  Wait Finished -- FileData ID 930325
4/28 11:02:05.482  Wait Started -- FileData ID 2925078
4/28 11:02:05.482  Wait Finished -- FileData ID 2925078
4/28 11:02:05.482  Wait Started -- FileData ID 963096
4/28 11:02:05.482  Wait Finished -- FileData ID 963096
4/28 11:02:05.482  Wait Started -- FileData ID 903711
4/28 11:02:05.482  Wait Finished -- FileData ID 903711
4/28 11:02:05.482  Wait Started -- FileData ID 1133100
4/28 11:02:05.482  Wait Finished -- FileData ID 1133100
4/28 11:02:05.482  Wait Started -- FileData ID 332334
4/28 11:02:05.482  Wait Finished -- FileData ID 332334
4/28 11:02:05.482  Wait Started -- FileData ID 1120819
4/28 11:02:05.482  Wait Finished -- FileData ID 1120819
4/28 11:02:05.482  Wait Started -- FileData ID 1112628
4/28 11:02:05.482  Wait Finished -- FileData ID 1112628
4/28 11:02:05.482  Wait Started -- FileData ID 197186
4/28 11:02:05.496  Wait Finished -- FileData ID 197186
4/28 11:02:05.496  Wait Started -- FileData ID 197187
4/28 11:02:05.496  Wait Finished -- FileData ID 197187
4/28 11:02:05.496  Wait Started -- FileData ID 197188
4/28 11:02:05.496  Wait Finished -- FileData ID 197188
4/28 11:02:05.496  Wait Started -- FileData ID 191044
4/28 11:02:05.496  Wait Finished -- FileData ID 191044
4/28 11:02:05.496  Wait Started -- FileData ID 191045
4/28 11:02:05.496  Wait Finished -- FileData ID 191045
4/28 11:02:05.496  Wait Started -- FileData ID 3385926
4/28 11:02:05.496  Wait Finished -- FileData ID 3385926
4/28 11:02:05.496  Wait Started -- FileData ID 1139276
4/28 11:02:05.496  Wait Finished -- FileData ID 1139276
4/28 11:02:05.496  Wait Started -- FileData ID 332371
4/28 11:02:05.496  Wait Finished -- FileData ID 332371
4/28 11:02:05.496  Wait Started -- FileData ID 332375
4/28 11:02:05.496  Wait Finished -- FileData ID 332375
4/28 11:02:05.496  Wait Started -- FileData ID 1368682
4/28 11:02:05.496  Wait Finished -- FileData ID 1368682
4/28 11:02:05.496  Wait Started -- FileData ID 1389167
4/28 11:02:05.496  Wait Finished -- FileData ID 1389167
4/28 11:02:05.496  Wait Started -- FileData ID 1389168
4/28 11:02:05.496  Wait Finished -- FileData ID 1389168
4/28 11:02:05.496  Wait Started -- FileData ID 959089
4/28 11:02:05.496  Wait Finished -- FileData ID 959089
4/28 11:02:05.496  Wait Started -- FileData ID 512626
4/28 11:02:05.496  Wait Finished -- FileData ID 512626
4/28 11:02:05.496  Wait Started -- FileData ID 2443892
4/28 11:02:05.496  Wait Finished -- FileData ID 2443892
4/28 11:02:05.496  Wait Started -- FileData ID 1118839
4/28 11:02:05.496  Wait Finished -- FileData ID 1118839
4/28 11:02:05.496  Wait Started -- FileData ID 1118840
4/28 11:02:05.496  Wait Finished -- FileData ID 1118840
4/28 11:02:05.496  Wait Started -- FileData ID 1118841
4/28 11:02:05.512  Wait Finished -- FileData ID 1118841
4/28 11:02:05.512  Wait Started -- FileData ID 2443901
4/28 11:02:05.512  Wait Finished -- FileData ID 2443901
4/28 11:02:05.512  Wait Started -- FileData ID 129680
4/28 11:02:05.512  Wait Finished -- FileData ID 129680
4/28 11:02:05.512  Wait Started -- FileData ID 535203
4/28 11:02:05.512  Wait Finished -- FileData ID 535203
4/28 11:02:05.512  Wait Started -- FileData ID 1274539
4/28 11:02:05.512  Wait Finished -- FileData ID 1274539
4/28 11:02:05.512  Wait Started -- FileData ID 615089
4/28 11:02:05.512  Wait Finished -- FileData ID 615089
4/28 11:02:05.512  Wait Started -- FileData ID 3486403
4/28 11:02:05.512  Wait Finished -- FileData ID 3486403
4/28 11:02:05.512  Wait Started -- FileData ID 1272516
4/28 11:02:05.512  Wait Finished -- FileData ID 1272516
4/28 11:02:05.512  Wait Started -- FileData ID 1272519
4/28 11:02:05.512  Wait Finished -- FileData ID 1272519
4/28 11:02:05.512  Wait Started -- FileData ID 2564810
4/28 11:02:05.512  Wait Finished -- FileData ID 2564810
4/28 11:02:05.512  Wait Started -- FileData ID 3486411
4/28 11:02:05.512  Wait Finished -- FileData ID 3486411
4/28 11:02:05.512  Wait Started -- FileData ID 1815254
4/28 11:02:05.512  Wait Finished -- FileData ID 1815254
4/28 11:02:05.512  Wait Started -- FileData ID 3054305
4/28 11:02:05.512  Wait Finished -- FileData ID 3054305
4/28 11:02:05.512  Wait Started -- FileData ID 1352434
4/28 11:02:05.512  Wait Finished -- FileData ID 1352434
4/28 11:02:05.512  Wait Started -- FileData ID 1352435
4/28 11:02:05.527  Wait Finished -- FileData ID 1352435
4/28 11:02:05.527  Wait Started -- FileData ID 1307379
4/28 11:02:05.527  Wait Finished -- FileData ID 1307379
4/28 11:02:05.527  Wait Started -- FileData ID 1352436
4/28 11:02:05.527  Wait Finished -- FileData ID 1352436
4/28 11:02:05.527  Wait Started -- FileData ID 1307380
4/28 11:02:05.527  Wait Finished -- FileData ID 1307380
4/28 11:02:05.527  Wait Started -- FileData ID 1352437
4/28 11:02:05.527  Wait Finished -- FileData ID 1352437
4/28 11:02:05.527  Wait Started -- FileData ID 1307381
4/28 11:02:05.527  Wait Finished -- FileData ID 1307381
4/28 11:02:05.527  Wait Started -- FileData ID 1352438
4/28 11:02:05.527  Wait Finished -- FileData ID 1352438
4/28 11:02:05.527  Wait Started -- FileData ID 1307382
4/28 11:02:05.543  Wait Finished -- FileData ID 1307382
4/28 11:02:05.543  Wait Started -- FileData ID 1467126
4/28 11:02:05.543  Wait Finished -- FileData ID 1467126
4/28 11:02:05.543  Wait Started -- FileData ID 1352439
4/28 11:02:05.543  Wait Finished -- FileData ID 1352439
4/28 11:02:05.543  Wait Started -- FileData ID 1467127
4/28 11:02:05.543  Wait Finished -- FileData ID 1467127
4/28 11:02:05.543  Wait Started -- FileData ID 201466
4/28 11:02:05.543  Wait Finished -- FileData ID 201466
4/28 11:02:05.543  Wait Started -- FileData ID 201474
4/28 11:02:05.543  Wait Finished -- FileData ID 201474
4/28 11:02:05.543  Wait Started -- FileData ID 1696515
4/28 11:02:05.543  Wait Finished -- FileData ID 1696515
4/28 11:02:05.543  Wait Started -- FileData ID 201478
4/28 11:02:05.543  Wait Finished -- FileData ID 201478
4/28 11:02:05.543  Wait Started -- FileData ID 201479
4/28 11:02:05.543  Wait Finished -- FileData ID 201479
4/28 11:02:05.543  Wait Started -- FileData ID 201480
4/28 11:02:05.543  Wait Finished -- FileData ID 201480
4/28 11:02:05.543  Wait Started -- FileData ID 201481
4/28 11:02:05.543  Wait Finished -- FileData ID 201481
4/28 11:02:05.543  Wait Started -- FileData ID 201482
4/28 11:02:05.543  Wait Finished -- FileData ID 201482
4/28 11:02:05.543  Wait Started -- FileData ID 201483
4/28 11:02:05.543  Wait Finished -- FileData ID 201483
4/28 11:02:05.543  Wait Started -- FileData ID 201484
4/28 11:02:05.543  Wait Finished -- FileData ID 201484
4/28 11:02:05.543  Wait Started -- FileData ID 1452836
4/28 11:02:05.543  Wait Finished -- FileData ID 1452836
4/28 11:02:05.543  Wait Started -- FileData ID 1452837
4/28 11:02:05.543  Wait Finished -- FileData ID 1452837
4/28 11:02:05.543  Wait Started -- FileData ID 1108786
4/28 11:02:05.543  Wait Finished -- FileData ID 1108786
4/28 11:02:05.543  Wait Started -- FileData ID 1379126
4/28 11:02:05.543  Wait Finished -- FileData ID 1379126
4/28 11:02:05.543  Wait Started -- FileData ID 1379127
4/28 11:02:05.543  Wait Finished -- FileData ID 1379127
4/28 11:02:05.543  Wait Started -- FileData ID 3572544
4/28 11:02:05.543  Wait Finished -- FileData ID 3572544
4/28 11:02:05.543  Wait Started -- FileData ID 127819
4/28 11:02:05.543  Wait Finished -- FileData ID 127819
4/28 11:02:05.543  Wait Started -- FileData ID 1594188
4/28 11:02:05.543  Wait Finished -- FileData ID 1594188
4/28 11:02:05.543  Wait Started -- FileData ID 1452878
4/28 11:02:05.543  Wait Finished -- FileData ID 1452878
4/28 11:02:05.543  Wait Started -- FileData ID 1452879
4/28 11:02:05.543  Wait Finished -- FileData ID 1452879
4/28 11:02:05.543  Wait Started -- FileData ID 367453
4/28 11:02:05.543  Wait Finished -- FileData ID 367453
4/28 11:02:05.543  Wait Started -- FileData ID 3533662
4/28 11:02:05.543  Wait Finished -- FileData ID 3533662
4/28 11:02:05.543  Wait Started -- FileData ID 1497968
4/28 11:02:05.543  Wait Finished -- FileData ID 1497968
4/28 11:02:05.543  Wait Started -- FileData ID 1497970
4/28 11:02:05.543  Wait Finished -- FileData ID 1497970
4/28 11:02:05.543  Wait Started -- FileData ID 1117044
4/28 11:02:05.559  Wait Finished -- FileData ID 1117044
4/28 11:02:05.559  Wait Started -- FileData ID 1115001
4/28 11:02:05.559  Wait Finished -- FileData ID 1115001
4/28 11:02:05.559  Wait Started -- FileData ID 1090433
4/28 11:02:05.559  Wait Finished -- FileData ID 1090433
4/28 11:02:05.559  Wait Started -- FileData ID 1733512
4/28 11:02:05.559  Wait Finished -- FileData ID 1733512
4/28 11:02:05.559  Wait Started -- FileData ID 1940365
4/28 11:02:05.559  Wait Finished -- FileData ID 1940365
4/28 11:02:05.559  Wait Started -- FileData ID 1362832
4/28 11:02:05.559  Wait Finished -- FileData ID 1362832
4/28 11:02:05.559  Wait Started -- FileData ID 3492754
4/28 11:02:05.559  Wait Finished -- FileData ID 3492754
4/28 11:02:05.559  Wait Started -- FileData ID 1112978
4/28 11:02:05.559  Wait Finished -- FileData ID 1112978
4/28 11:02:05.559  Wait Started -- FileData ID 1112979
4/28 11:02:05.559  Wait Finished -- FileData ID 1112979
4/28 11:02:05.559  Wait Started -- FileData ID 3492764
4/28 11:02:05.559  Wait Finished -- FileData ID 3492764
4/28 11:02:05.559  Wait Started -- FileData ID 3492765
4/28 11:02:05.559  Wait Finished -- FileData ID 3492765
4/28 11:02:05.559  Wait Started -- FileData ID 1362846
4/28 11:02:05.559  Wait Finished -- FileData ID 1362846
4/28 11:02:05.559  Wait Started -- FileData ID 1119135
4/28 11:02:05.559  Wait Finished -- FileData ID 1119135
4/28 11:02:05.559  Wait Started -- FileData ID 1362857
4/28 11:02:05.559  Wait Finished -- FileData ID 1362857
4/28 11:02:05.559  Wait Started -- FileData ID 1352623
4/28 11:02:05.559  Wait Finished -- FileData ID 1352623
4/28 11:02:05.559  Wait Started -- FileData ID 1362863
4/28 11:02:05.559  Wait Finished -- FileData ID 1362863
4/28 11:02:05.559  Wait Started -- FileData ID 1352624
4/28 11:02:05.574  Wait Finished -- FileData ID 1352624
4/28 11:02:05.574  Wait Started -- FileData ID 1352625
4/28 11:02:05.574  Wait Finished -- FileData ID 1352625
4/28 11:02:05.574  Wait Started -- FileData ID 3556283
4/28 11:02:05.574  Wait Finished -- FileData ID 3556283
4/28 11:02:05.574  Wait Started -- FileData ID 3556284
4/28 11:02:05.574  Wait Finished -- FileData ID 3556284
4/28 11:02:05.574  Wait Started -- FileData ID 375742
4/28 11:02:05.574  Wait Finished -- FileData ID 375742
4/28 11:02:05.574  Wait Started -- FileData ID 144328
4/28 11:02:05.574  Wait Finished -- FileData ID 144328
4/28 11:02:05.574  Wait Started -- FileData ID 1119185
4/28 11:02:05.574  Wait Finished -- FileData ID 1119185
4/28 11:02:05.574  Wait Started -- FileData ID 1366994
4/28 11:02:05.574  Wait Finished -- FileData ID 1366994
4/28 11:02:05.574  Wait Started -- FileData ID 1504229
4/28 11:02:05.574  Wait Finished -- FileData ID 1504229
4/28 11:02:05.574  Wait Started -- FileData ID 3484649
4/28 11:02:05.574  Wait Finished -- FileData ID 3484649
4/28 11:02:05.574  Wait Started -- FileData ID 773101
4/28 11:02:05.574  Wait Finished -- FileData ID 773101
4/28 11:02:05.574  Wait Started -- FileData ID 1121261
4/28 11:02:05.574  Wait Finished -- FileData ID 1121261
4/28 11:02:05.574  Wait Started -- FileData ID 1121262
4/28 11:02:05.591  Wait Finished -- FileData ID 1121262
4/28 11:02:05.591  Wait Started -- FileData ID 773105
4/28 11:02:05.591  Wait Finished -- FileData ID 773105
4/28 11:02:05.591  Wait Started -- FileData ID 1326068
4/28 11:02:05.591  Wait Finished -- FileData ID 1326068
4/28 11:02:05.591  Wait Started -- FileData ID 1096701
4/28 11:02:05.591  Wait Finished -- FileData ID 1096701
4/28 11:02:05.591  Wait Started -- FileData ID 1891326
4/28 11:02:05.591  Wait Finished -- FileData ID 1891326
4/28 11:02:05.591  Wait Started -- FileData ID 3533822
4/28 11:02:05.591  Wait Finished -- FileData ID 3533822
4/28 11:02:05.591  Wait Started -- FileData ID 1815553
4/28 11:02:05.591  Wait Finished -- FileData ID 1815553
4/28 11:02:05.591  Wait Started -- FileData ID 1891330
4/28 11:02:05.591  Wait Finished -- FileData ID 1891330
4/28 11:02:05.591  Wait Started -- FileData ID 1002498
4/28 11:02:05.591  Wait Finished -- FileData ID 1002498
4/28 11:02:05.591  Wait Started -- FileData ID 1002503
4/28 11:02:05.591  Wait Finished -- FileData ID 1002503
4/28 11:02:05.591  Wait Started -- FileData ID 1696789
4/28 11:02:05.591  Wait Finished -- FileData ID 1696789
4/28 11:02:05.591  Wait Started -- FileData ID 1362966
4/28 11:02:05.591  Wait Finished -- FileData ID 1362966
4/28 11:02:05.591  Wait Started -- FileData ID 1362967
4/28 11:02:05.591  Wait Finished -- FileData ID 1362967
4/28 11:02:05.606  Wait Started -- FileData ID 775194
4/28 11:02:05.606  Wait Finished -- FileData ID 775194
4/28 11:02:05.606  Wait Started -- FileData ID 1362974
4/28 11:02:05.606  Wait Finished -- FileData ID 1362974
4/28 11:02:05.606  Wait Started -- FileData ID 1362975
4/28 11:02:05.606  Wait Finished -- FileData ID 1362975
4/28 11:02:05.606  Wait Started -- FileData ID 1362978
4/28 11:02:05.606  Wait Finished -- FileData ID 1362978
4/28 11:02:05.606  Wait Started -- FileData ID 1362979
4/28 11:02:05.606  Wait Finished -- FileData ID 1362979
4/28 11:02:05.606  Wait Started -- FileData ID 937000
4/28 11:02:05.606  Wait Finished -- FileData ID 937000
4/28 11:02:05.606  Wait Started -- FileData ID 1444906
4/28 11:02:05.606  Wait Finished -- FileData ID 1444906
4/28 11:02:05.606  Wait Started -- FileData ID 1362988
4/28 11:02:05.606  Wait Finished -- FileData ID 1362988
4/28 11:02:05.606  Wait Started -- FileData ID 1362989
4/28 11:02:05.606  Wait Finished -- FileData ID 1362989
4/28 11:02:05.606  Wait Started -- FileData ID 1362990
4/28 11:02:05.606  Wait Finished -- FileData ID 1362990
4/28 11:02:05.606  Wait Started -- FileData ID 1360943
4/28 11:02:05.606  Wait Finished -- FileData ID 1360943
4/28 11:02:05.606  Wait Started -- FileData ID 1360944
4/28 11:02:05.606  Wait Finished -- FileData ID 1360944
4/28 11:02:05.606  Wait Started -- FileData ID 1362994
4/28 11:02:05.606  Wait Finished -- FileData ID 1362994
4/28 11:02:05.606  Wait Started -- FileData ID 1362995
4/28 11:02:05.606  Wait Finished -- FileData ID 1362995
4/28 11:02:05.606  Wait Started -- FileData ID 1342521
4/28 11:02:05.606  Wait Finished -- FileData ID 1342521
4/28 11:02:05.606  Wait Started -- FileData ID 1363003
4/28 11:02:05.606  Wait Finished -- FileData ID 1363003
4/28 11:02:05.606  Wait Started -- FileData ID 1377342
4/28 11:02:05.606  Wait Finished -- FileData ID 1377342
4/28 11:02:05.606  Wait Started -- FileData ID 1344588
4/28 11:02:05.606  Wait Finished -- FileData ID 1344588
4/28 11:02:05.606  Wait Started -- FileData ID 1121362
4/28 11:02:05.606  Wait Finished -- FileData ID 1121362
4/28 11:02:05.606  Wait Started -- FileData ID 1121363
4/28 11:02:05.606  Wait Finished -- FileData ID 1121363
4/28 11:02:05.606  Wait Started -- FileData ID 1121364
4/28 11:02:05.621  Wait Finished -- FileData ID 1121364
4/28 11:02:05.621  Wait Started -- FileData ID 937050
4/28 11:02:05.621  Wait Finished -- FileData ID 937050
4/28 11:02:05.621  Wait Started -- FileData ID 1090658
4/28 11:02:05.621  Wait Finished -- FileData ID 1090658
4/28 11:02:05.621  Wait Started -- FileData ID 1090659
4/28 11:02:05.621  Wait Finished -- FileData ID 1090659
4/28 11:02:05.621  Wait Started -- FileData ID 146532
4/28 11:02:05.621  Wait Finished -- FileData ID 146532
4/28 11:02:05.621  Wait Started -- FileData ID 1102959
4/28 11:02:05.621  Wait Finished -- FileData ID 1102959
4/28 11:02:05.621  Wait Started -- FileData ID 1354865
4/28 11:02:05.621  Wait Finished -- FileData ID 1354865
4/28 11:02:05.621  Wait Started -- FileData ID 1354867
4/28 11:02:05.621  Wait Finished -- FileData ID 1354867
4/28 11:02:05.621  Wait Started -- FileData ID 1102972
4/28 11:02:05.621  Wait Finished -- FileData ID 1102972
4/28 11:02:05.621  Wait Started -- FileData ID 984192
4/28 11:02:05.621  Wait Finished -- FileData ID 984192
4/28 11:02:05.621  Wait Started -- FileData ID 984193
4/28 11:02:05.621  Wait Finished -- FileData ID 984193
4/28 11:02:05.621  Wait Started -- FileData ID 537729
4/28 11:02:05.621  Wait Finished -- FileData ID 537729
4/28 11:02:05.621  Wait Started -- FileData ID 1891458
4/28 11:02:05.621  Wait Finished -- FileData ID 1891458
4/28 11:02:05.621  Wait Started -- FileData ID 1891460
4/28 11:02:05.621  Wait Finished -- FileData ID 1891460
4/28 11:02:05.621  Wait Started -- FileData ID 1102987
4/28 11:02:05.621  Wait Finished -- FileData ID 1102987
4/28 11:02:05.621  Wait Started -- FileData ID 1102988
4/28 11:02:05.621  Wait Finished -- FileData ID 1102988
4/28 11:02:05.621  Wait Started -- FileData ID 1121423
4/28 11:02:05.643  Wait Finished -- FileData ID 1121423
4/28 11:02:05.643  Wait Started -- FileData ID 3554450
4/28 11:02:05.643  Wait Finished -- FileData ID 3554450
4/28 11:02:05.643  Wait Started -- FileData ID 3554451
4/28 11:02:05.643  Wait Finished -- FileData ID 3554451
4/28 11:02:05.643  Wait Started -- FileData ID 3554452
4/28 11:02:05.643  Wait Finished -- FileData ID 3554452
4/28 11:02:05.643  Wait Started -- FileData ID 3554456
4/28 11:02:05.643  Wait Finished -- FileData ID 3554456
4/28 11:02:05.643  Wait Started -- FileData ID 3554458
4/28 11:02:05.643  Wait Finished -- FileData ID 3554458
4/28 11:02:05.643  Wait Started -- FileData ID 3554460
4/28 11:02:05.643  Wait Finished -- FileData ID 3554460
4/28 11:02:05.643  Wait Started -- FileData ID 3554462
4/28 11:02:05.643  Wait Finished -- FileData ID 3554462
4/28 11:02:05.643  Wait Started -- FileData ID 3554463
4/28 11:02:05.643  Wait Finished -- FileData ID 3554463
4/28 11:02:05.643  Wait Started -- FileData ID 3554464
4/28 11:02:05.643  Wait Finished -- FileData ID 3554464
4/28 11:02:05.643  Wait Started -- FileData ID 961699
4/28 11:02:05.643  Wait Finished -- FileData ID 961699
4/28 11:02:05.643  Wait Started -- FileData ID 1115301
4/28 11:02:05.643  Wait Finished -- FileData ID 1115301
4/28 11:02:05.643  Wait Started -- FileData ID 1447078
4/28 11:02:05.643  Wait Finished -- FileData ID 1447078
4/28 11:02:05.643  Wait Started -- FileData ID 1447079
4/28 11:02:05.643  Wait Finished -- FileData ID 1447079
4/28 11:02:05.643  Wait Started -- FileData ID 1115304
4/28 11:02:05.652  Wait Finished -- FileData ID 1115304
4/28 11:02:05.652  Wait Started -- FileData ID 1115306
4/28 11:02:05.652  Wait Finished -- FileData ID 1115306
4/28 11:02:05.652  Wait Started -- FileData ID 3552431
4/28 11:02:05.652  Wait Finished -- FileData ID 3552431
4/28 11:02:05.652  Wait Started -- FileData ID 3552432
4/28 11:02:05.652  Wait Finished -- FileData ID 3552432
4/28 11:02:05.652  Wait Started -- FileData ID 3552433
4/28 11:02:05.652  Wait Finished -- FileData ID 3552433
4/28 11:02:05.652  Wait Started -- FileData ID 3257530
4/28 11:02:05.652  Wait Finished -- FileData ID 3257530
4/28 11:02:05.652  Wait Started -- FileData ID 1109183
4/28 11:02:05.652  Wait Finished -- FileData ID 1109183
4/28 11:02:05.652  Wait Started -- FileData ID 1109186
4/28 11:02:05.652  Wait Finished -- FileData ID 1109186
4/28 11:02:05.652  Wait Started -- FileData ID 1109187
4/28 11:02:05.652  Wait Finished -- FileData ID 1109187
4/28 11:02:05.652  Wait Started -- FileData ID 3257540
4/28 11:02:05.652  Wait Finished -- FileData ID 3257540
4/28 11:02:05.652  Wait Started -- FileData ID 1109188
4/28 11:02:05.652  Wait Finished -- FileData ID 1109188
4/28 11:02:05.652  Wait Started -- FileData ID 1109189
4/28 11:02:05.652  Wait Finished -- FileData ID 1109189
4/28 11:02:05.652  Wait Started -- FileData ID 312518
4/28 11:02:05.652  Wait Finished -- FileData ID 312518
4/28 11:02:05.652  Wait Started -- FileData ID 1109190
4/28 11:02:05.652  Wait Finished -- FileData ID 1109190
4/28 11:02:05.652  Wait Started -- FileData ID 1109191
4/28 11:02:05.652  Wait Finished -- FileData ID 1109191
4/28 11:02:05.652  Wait Started -- FileData ID 1109192
4/28 11:02:05.652  Wait Finished -- FileData ID 1109192
4/28 11:02:05.652  Wait Started -- FileData ID 1121481
4/28 11:02:05.652  Wait Finished -- FileData ID 1121481
4/28 11:02:05.652  Wait Started -- FileData ID 1109194
4/28 11:02:05.652  Wait Finished -- FileData ID 1109194
4/28 11:02:05.652  Wait Started -- FileData ID 3257555
4/28 11:02:05.668  Wait Finished -- FileData ID 3257555
4/28 11:02:05.668  Wait Started -- FileData ID 3552482
4/28 11:02:05.668  Wait Finished -- FileData ID 3552482
4/28 11:02:05.668  Wait Started -- FileData ID 3552483
4/28 11:02:05.668  Wait Finished -- FileData ID 3552483
4/28 11:02:05.668  Wait Started -- FileData ID 3257572
4/28 11:02:05.668  Wait Finished -- FileData ID 3257572
4/28 11:02:05.668  Wait Started -- FileData ID 3552484
4/28 11:02:05.668  Wait Finished -- FileData ID 3552484
4/28 11:02:05.668  Wait Started -- FileData ID 3257573
4/28 11:02:05.668  Wait Finished -- FileData ID 3257573
4/28 11:02:05.668  Wait Started -- FileData ID 1019115
4/28 11:02:05.668  Wait Finished -- FileData ID 1019115
4/28 11:02:05.668  Wait Started -- FileData ID 3257580
4/28 11:02:05.668  Wait Finished -- FileData ID 3257580
4/28 11:02:05.668  Wait Started -- FileData ID 3257582
4/28 11:02:05.668  Wait Finished -- FileData ID 3257582
4/28 11:02:05.668  Wait Started -- FileData ID 3257589
4/28 11:02:05.668  Wait Finished -- FileData ID 3257589
4/28 11:02:05.668  Wait Started -- FileData ID 1064211
4/28 11:02:05.668  Wait Finished -- FileData ID 1064211
4/28 11:02:05.668  Wait Started -- FileData ID 167187
4/28 11:02:05.668  Wait Finished -- FileData ID 167187
4/28 11:02:05.668  Wait Started -- FileData ID 3552536
4/28 11:02:05.668  Wait Finished -- FileData ID 3552536
4/28 11:02:05.668  Wait Started -- FileData ID 3552537
4/28 11:02:05.668  Wait Finished -- FileData ID 3552537
4/28 11:02:05.668  Wait Started -- FileData ID 970011
4/28 11:02:05.668  Wait Finished -- FileData ID 970011
4/28 11:02:05.668  Wait Started -- FileData ID 3552541
4/28 11:02:05.668  Wait Finished -- FileData ID 3552541
4/28 11:02:05.668  Wait Started -- FileData ID 3552542
4/28 11:02:05.668  Wait Finished -- FileData ID 3552542
4/28 11:02:05.668  Wait Started -- FileData ID 3552543
4/28 11:02:05.668  Wait Finished -- FileData ID 3552543
4/28 11:02:05.668  Wait Started -- FileData ID 3552544
4/28 11:02:05.668  Wait Finished -- FileData ID 3552544
4/28 11:02:05.668  Wait Started -- FileData ID 3552545
4/28 11:02:05.668  Wait Finished -- FileData ID 3552545
4/28 11:02:05.668  Wait Started -- FileData ID 918822
4/28 11:02:05.668  Wait Finished -- FileData ID 918822
4/28 11:02:05.668  Wait Started -- FileData ID 918823
4/28 11:02:05.684  Wait Finished -- FileData ID 918823
4/28 11:02:05.684  Wait Started -- FileData ID 918824
4/28 11:02:05.684  Wait Finished -- FileData ID 918824
4/28 11:02:05.684  Wait Started -- FileData ID 918827
4/28 11:02:05.684  Wait Finished -- FileData ID 918827
4/28 11:02:05.684  Wait Started -- FileData ID 955692
4/28 11:02:05.684  Wait Finished -- FileData ID 955692
4/28 11:02:05.684  Wait Started -- FileData ID 970030
4/28 11:02:05.684  Wait Finished -- FileData ID 970030
4/28 11:02:05.684  Wait Started -- FileData ID 970031
4/28 11:02:05.684  Wait Finished -- FileData ID 970031
4/28 11:02:05.684  Wait Started -- FileData ID 970032
4/28 11:02:05.684  Wait Finished -- FileData ID 970032
4/28 11:02:05.684  Wait Started -- FileData ID 879923
4/28 11:02:05.684  Wait Finished -- FileData ID 879923
4/28 11:02:05.684  Wait Started -- FileData ID 949564
4/28 11:02:05.700  Wait Finished -- FileData ID 949564
4/28 11:02:05.700  Wait Started -- FileData ID 970044
4/28 11:02:05.700  Wait Finished -- FileData ID 970044
4/28 11:02:05.700  Wait Started -- FileData ID 949565
4/28 11:02:05.700  Wait Finished -- FileData ID 949565
4/28 11:02:05.700  Wait Started -- FileData ID 1119550
4/28 11:02:05.700  Wait Finished -- FileData ID 1119550
4/28 11:02:05.700  Wait Started -- FileData ID 1119551
4/28 11:02:05.700  Wait Finished -- FileData ID 1119551
4/28 11:02:05.700  Wait Started -- FileData ID 1119552
4/28 11:02:05.700  Wait Finished -- FileData ID 1119552
4/28 11:02:05.700  Wait Started -- FileData ID 1119553
4/28 11:02:05.700  Wait Finished -- FileData ID 1119553
4/28 11:02:05.700  Wait Started -- FileData ID 3257667
4/28 11:02:05.700  Wait Finished -- FileData ID 3257667
4/28 11:02:05.700  Wait Started -- FileData ID 3257669
4/28 11:02:05.700  Wait Finished -- FileData ID 3257669
4/28 11:02:05.700  Wait Started -- FileData ID 3257672
4/28 11:02:05.700  Wait Finished -- FileData ID 3257672
4/28 11:02:05.700  Wait Started -- FileData ID 644430
4/28 11:02:05.700  Wait Finished -- FileData ID 644430
4/28 11:02:05.700  Wait Started -- FileData ID 1496398
4/28 11:02:05.700  Wait Finished -- FileData ID 1496398
4/28 11:02:05.700  Wait Started -- FileData ID 1496400
4/28 11:02:05.700  Wait Finished -- FileData ID 1496400
4/28 11:02:05.700  Wait Started -- FileData ID 1496401
4/28 11:02:05.700  Wait Finished -- FileData ID 1496401
4/28 11:02:05.700  Wait Started -- FileData ID 593235
4/28 11:02:05.700  Wait Finished -- FileData ID 593235
4/28 11:02:05.700  Wait Started -- FileData ID 593236
4/28 11:02:05.700  Wait Finished -- FileData ID 593236
4/28 11:02:05.700  Wait Started -- FileData ID 593237
4/28 11:02:05.700  Wait Finished -- FileData ID 593237
4/28 11:02:05.700  Wait Started -- FileData ID 593239
4/28 11:02:05.700  Wait Finished -- FileData ID 593239
4/28 11:02:05.700  Wait Started -- FileData ID 593241
4/28 11:02:05.700  Wait Finished -- FileData ID 593241
4/28 11:02:05.700  Wait Started -- FileData ID 1373533
4/28 11:02:05.700  Wait Finished -- FileData ID 1373533
4/28 11:02:05.700  Wait Started -- FileData ID 1316191
4/28 11:02:05.715  Wait Finished -- FileData ID 1316191
4/28 11:02:05.715  Wait Started -- FileData ID 1316192
4/28 11:02:05.715  Wait Finished -- FileData ID 1316192
4/28 11:02:05.715  Wait Started -- FileData ID 1049969
4/28 11:02:05.715  Wait Finished -- FileData ID 1049969
4/28 11:02:05.715  Wait Started -- FileData ID 195955
4/28 11:02:05.715  Wait Finished -- FileData ID 195955
4/28 11:02:05.715  Wait Started -- FileData ID 200054
4/28 11:02:05.715  Wait Finished -- FileData ID 200054
4/28 11:02:05.715  Wait Started -- FileData ID 650615
4/28 11:02:05.715  Wait Finished -- FileData ID 650615
4/28 11:02:05.715  Wait Started -- FileData ID 1625472
4/28 11:02:05.715  Wait Finished -- FileData ID 1625472
4/28 11:02:05.715  Wait Started -- FileData ID 1117574
4/28 11:02:05.715  Wait Finished -- FileData ID 1117574
4/28 11:02:05.715  Wait Started -- FileData ID 1351047
4/28 11:02:05.715  Wait Finished -- FileData ID 1351047
4/28 11:02:05.715  Wait Started -- FileData ID 1351050
4/28 11:02:05.715  Wait Finished -- FileData ID 1351050
4/28 11:02:05.715  Wait Started -- FileData ID 142735
4/28 11:02:05.715  Wait Finished -- FileData ID 142735
4/28 11:02:05.715  Wait Started -- FileData ID 128401
4/28 11:02:05.715  Wait Finished -- FileData ID 128401
4/28 11:02:05.715  Wait Started -- FileData ID 249237
4/28 11:02:05.715  Wait Finished -- FileData ID 249237
4/28 11:02:05.715  Wait Started -- FileData ID 128407
4/28 11:02:05.715  Wait Finished -- FileData ID 128407
4/28 11:02:05.715  Wait Started -- FileData ID 1451423
4/28 11:02:05.715  Wait Finished -- FileData ID 1451423
4/28 11:02:05.715  Wait Started -- FileData ID 1893794
4/28 11:02:05.715  Wait Finished -- FileData ID 1893794
4/28 11:02:05.715  Wait Started -- FileData ID 918962
4/28 11:02:05.715  Wait Finished -- FileData ID 918962
4/28 11:02:05.715  Wait Started -- FileData ID 918963
4/28 11:02:05.715  Wait Finished -- FileData ID 918963
4/28 11:02:05.715  Wait Started -- FileData ID 1377716
4/28 11:02:05.715  Wait Finished -- FileData ID 1377716
4/28 11:02:05.715  Wait Started -- FileData ID 1338813
4/28 11:02:05.715  Wait Finished -- FileData ID 1338813
4/28 11:02:05.715  Wait Started -- FileData ID 1338815
4/28 11:02:05.715  Wait Finished -- FileData ID 1338815
4/28 11:02:05.715  Wait Started -- FileData ID 3386820
4/28 11:02:05.733  Wait Finished -- FileData ID 3386820
4/28 11:02:05.733  Wait Started -- FileData ID 3386821
4/28 11:02:05.733  Wait Finished -- FileData ID 3386821
4/28 11:02:05.733  Wait Started -- FileData ID 3386822
4/28 11:02:05.733  Wait Finished -- FileData ID 3386822
4/28 11:02:05.733  Wait Started -- FileData ID 1064390
4/28 11:02:05.733  Wait Finished -- FileData ID 1064390
4/28 11:02:05.733  Wait Started -- FileData ID 3386824
4/28 11:02:05.733  Wait Finished -- FileData ID 3386824
4/28 11:02:05.733  Wait Started -- FileData ID 953801
4/28 11:02:05.733  Wait Finished -- FileData ID 953801
4/28 11:02:05.733  Wait Started -- FileData ID 970203
4/28 11:02:05.746  Wait Finished -- FileData ID 970203
4/28 11:02:05.746  Wait Started -- FileData ID 970214
4/28 11:02:05.746  Wait Finished -- FileData ID 970214
4/28 11:02:05.746  Wait Started -- FileData ID 970217
4/28 11:02:05.746  Wait Finished -- FileData ID 970217
4/28 11:02:05.746  Wait Started -- FileData ID 943595
4/28 11:02:05.746  Wait Finished -- FileData ID 943595
4/28 11:02:05.746  Wait Started -- FileData ID 3550707
4/28 11:02:05.746  Wait Finished -- FileData ID 3550707
4/28 11:02:05.746  Wait Started -- FileData ID 3550708
4/28 11:02:05.746  Wait Finished -- FileData ID 3550708
4/28 11:02:05.746  Wait Started -- FileData ID 3550709
4/28 11:02:05.746  Wait Finished -- FileData ID 3550709
4/28 11:02:05.746  Wait Started -- FileData ID 3509749
4/28 11:02:05.746  Wait Finished -- FileData ID 3509749
4/28 11:02:05.746  Wait Started -- FileData ID 3550710
4/28 11:02:05.746  Wait Finished -- FileData ID 3550710
4/28 11:02:05.746  Wait Started -- FileData ID 3509750
4/28 11:02:05.746  Wait Finished -- FileData ID 3509750
4/28 11:02:05.746  Wait Started -- FileData ID 1115645
4/28 11:02:05.746  Wait Finished -- FileData ID 1115645
4/28 11:02:05.746  Wait Started -- FileData ID 3534335
4/28 11:02:05.746  Wait Finished -- FileData ID 3534335
4/28 11:02:05.746  Wait Started -- FileData ID 3509760
4/28 11:02:05.746  Wait Finished -- FileData ID 3509760
4/28 11:02:05.746  Wait Started -- FileData ID 3509763
4/28 11:02:05.746  Wait Finished -- FileData ID 3509763
4/28 11:02:05.746  Wait Started -- FileData ID 3284489
4/28 11:02:05.746  Wait Finished -- FileData ID 3284489
4/28 11:02:05.746  Wait Started -- FileData ID 3284494
4/28 11:02:05.746  Wait Finished -- FileData ID 3284494
4/28 11:02:05.746  Wait Started -- FileData ID 2100750
4/28 11:02:05.746  Wait Finished -- FileData ID 2100750
4/28 11:02:05.746  Wait Started -- FileData ID 3284503
4/28 11:02:05.746  Wait Finished -- FileData ID 3284503
4/28 11:02:05.746  Wait Started -- FileData ID 3284505
4/28 11:02:05.746  Wait Finished -- FileData ID 3284505
4/28 11:02:05.746  Wait Started -- FileData ID 998949
4/28 11:02:05.746  Wait Finished -- FileData ID 998949
4/28 11:02:05.746  Wait Started -- FileData ID 1130027
4/28 11:02:05.746  Wait Finished -- FileData ID 1130027
4/28 11:02:05.746  Wait Started -- FileData ID 1130028
4/28 11:02:05.746  Wait Finished -- FileData ID 1130028
4/28 11:02:05.746  Wait Started -- FileData ID 1130029
4/28 11:02:05.746  Wait Finished -- FileData ID 1130029
4/28 11:02:05.746  Wait Started -- FileData ID 3284526
4/28 11:02:05.746  Wait Finished -- FileData ID 3284526
4/28 11:02:05.746  Wait Started -- FileData ID 3284530
4/28 11:02:05.746  Wait Finished -- FileData ID 3284530
4/28 11:02:05.746  Wait Started -- FileData ID 1121848
4/28 11:02:05.746  Wait Finished -- FileData ID 1121848
4/28 11:02:05.746  Wait Started -- FileData ID 1021518
4/28 11:02:05.746  Wait Finished -- FileData ID 1021518
4/28 11:02:05.746  Wait Started -- FileData ID 3550821
4/28 11:02:05.746  Wait Finished -- FileData ID 3550821
4/28 11:02:05.746  Wait Started -- FileData ID 3550822
4/28 11:02:05.746  Wait Finished -- FileData ID 3550822
4/28 11:02:05.746  Wait Started -- FileData ID 3550823
4/28 11:02:05.762  Wait Finished -- FileData ID 3550823
4/28 11:02:05.762  Wait Started -- FileData ID 3550824
4/28 11:02:05.762  Wait Finished -- FileData ID 3550824
4/28 11:02:05.762  Wait Started -- FileData ID 3550825
4/28 11:02:05.762  Wait Finished -- FileData ID 3550825
4/28 11:02:05.762  Wait Started -- FileData ID 896644
4/28 11:02:05.762  Wait Finished -- FileData ID 896644
4/28 11:02:05.762  Wait Started -- FileData ID 130715
4/28 11:02:05.762  Wait Finished -- FileData ID 130715
4/28 11:02:05.762  Wait Started -- FileData ID 3550876
4/28 11:02:05.762  Wait Finished -- FileData ID 3550876
4/28 11:02:05.762  Wait Started -- FileData ID 3550877
4/28 11:02:05.762  Wait Finished -- FileData ID 3550877
4/28 11:02:05.762  Wait Started -- FileData ID 3550878
4/28 11:02:05.762  Wait Finished -- FileData ID 3550878
4/28 11:02:05.762  Wait Started -- FileData ID 1498788
4/28 11:02:05.762  Wait Finished -- FileData ID 1498788
4/28 11:02:05.762  Wait Started -- FileData ID 1498789
4/28 11:02:05.762  Wait Finished -- FileData ID 1498789
4/28 11:02:05.762  Wait Started -- FileData ID 130726
4/28 11:02:05.762  Wait Finished -- FileData ID 130726
4/28 11:02:05.762  Wait Started -- FileData ID 1498790
4/28 11:02:05.762  Wait Finished -- FileData ID 1498790
4/28 11:02:05.762  Wait Started -- FileData ID 130727
4/28 11:02:05.762  Wait Finished -- FileData ID 130727
4/28 11:02:05.762  Wait Started -- FileData ID 1498791
4/28 11:02:05.762  Wait Finished -- FileData ID 1498791
4/28 11:02:05.762  Wait Started -- FileData ID 3550888
4/28 11:02:05.762  Wait Finished -- FileData ID 3550888
4/28 11:02:05.762  Wait Started -- FileData ID 1498792
4/28 11:02:05.762  Wait Finished -- FileData ID 1498792
4/28 11:02:05.762  Wait Started -- FileData ID 3550889
4/28 11:02:05.762  Wait Finished -- FileData ID 3550889
4/28 11:02:05.762  Wait Started -- FileData ID 1498793
4/28 11:02:05.778  Wait Finished -- FileData ID 1498793
4/28 11:02:05.778  Wait Started -- FileData ID 3550890
4/28 11:02:05.778  Wait Finished -- FileData ID 3550890
4/28 11:02:05.778  Wait Started -- FileData ID 1498794
4/28 11:02:05.778  Wait Finished -- FileData ID 1498794
4/28 11:02:05.778  Wait Started -- FileData ID 1097392
4/28 11:02:05.778  Wait Finished -- FileData ID 1097392
4/28 11:02:05.778  Wait Started -- FileData ID 3550902
4/28 11:02:05.778  Wait Finished -- FileData ID 3550902
4/28 11:02:05.778  Wait Started -- FileData ID 3550903
4/28 11:02:05.778  Wait Finished -- FileData ID 3550903
4/28 11:02:05.778  Wait Started -- FileData ID 947897
4/28 11:02:05.778  Wait Finished -- FileData ID 947897
4/28 11:02:05.778  Wait Started -- FileData ID 321210
4/28 11:02:05.793  Wait Finished -- FileData ID 321210
4/28 11:02:05.793  Wait Started -- FileData ID 947898
4/28 11:02:05.793  Wait Finished -- FileData ID 947898
4/28 11:02:05.793  Wait Started -- FileData ID 321212
4/28 11:02:05.793  Wait Finished -- FileData ID 321212
4/28 11:02:05.793  Wait Started -- FileData ID 1496776
4/28 11:02:05.793  Wait Finished -- FileData ID 1496776
4/28 11:02:05.793  Wait Started -- FileData ID 304844
4/28 11:02:05.793  Wait Finished -- FileData ID 304844
4/28 11:02:05.793  Wait Started -- FileData ID 304845
4/28 11:02:05.793  Wait Finished -- FileData ID 304845
4/28 11:02:05.793  Wait Started -- FileData ID 1496782
4/28 11:02:05.793  Wait Finished -- FileData ID 1496782
4/28 11:02:05.793  Wait Started -- FileData ID 1332943
4/28 11:02:05.793  Wait Finished -- FileData ID 1332943
4/28 11:02:05.793  Wait Started -- FileData ID 1332945
4/28 11:02:05.793  Wait Finished -- FileData ID 1332945
4/28 11:02:05.793  Wait Started -- FileData ID 1496785
4/28 11:02:05.809  Wait Finished -- FileData ID 1496785
4/28 11:02:05.809  Wait Started -- FileData ID 1496786
4/28 11:02:05.809  Wait Finished -- FileData ID 1496786
4/28 11:02:05.809  Wait Started -- FileData ID 1332948
4/28 11:02:05.809  Wait Finished -- FileData ID 1332948
4/28 11:02:05.809  Wait Started -- FileData ID 1332949
4/28 11:02:05.809  Wait Finished -- FileData ID 1332949
4/28 11:02:05.809  Wait Started -- FileData ID 1332951
4/28 11:02:05.809  Wait Finished -- FileData ID 1332951
4/28 11:02:05.809  Wait Started -- FileData ID 1332952
4/28 11:02:05.809  Wait Finished -- FileData ID 1332952
4/28 11:02:05.809  Wait Started -- FileData ID 1380056
4/28 11:02:05.809  Wait Finished -- FileData ID 1380056
4/28 11:02:05.809  Wait Started -- FileData ID 3552999
4/28 11:02:05.809  Wait Finished -- FileData ID 3552999
4/28 11:02:05.809  Wait Started -- FileData ID 1083118
4/28 11:02:05.809  Wait Finished -- FileData ID 1083118
4/28 11:02:05.809  Wait Started -- FileData ID 1130226
4/28 11:02:05.809  Wait Finished -- FileData ID 1130226
4/28 11:02:05.809  Wait Started -- FileData ID 1130227
4/28 11:02:05.809  Wait Finished -- FileData ID 1130227
4/28 11:02:05.809  Wait Started -- FileData ID 1103615
4/28 11:02:05.809  Wait Finished -- FileData ID 1103615
4/28 11:02:05.809  Wait Started -- FileData ID 1103617
4/28 11:02:05.824  Wait Finished -- FileData ID 1103617
4/28 11:02:05.824  Wait Started -- FileData ID 128781
4/28 11:02:05.824  Wait Finished -- FileData ID 128781
4/28 11:02:05.824  Wait Started -- FileData ID 128782
4/28 11:02:05.824  Wait Finished -- FileData ID 128782
4/28 11:02:05.824  Wait Started -- FileData ID 128784
4/28 11:02:05.824  Wait Finished -- FileData ID 128784
4/28 11:02:05.824  Wait Started -- FileData ID 128785
4/28 11:02:05.824  Wait Finished -- FileData ID 128785
4/28 11:02:05.824  Wait Started -- FileData ID 128786
4/28 11:02:05.824  Wait Finished -- FileData ID 128786
4/28 11:02:05.824  Wait Started -- FileData ID 128787
4/28 11:02:05.824  Wait Finished -- FileData ID 128787
4/28 11:02:05.824  Wait Started -- FileData ID 984852
4/28 11:02:05.824  Wait Finished -- FileData ID 984852
4/28 11:02:05.824  Wait Started -- FileData ID 128789
4/28 11:02:05.824  Wait Finished -- FileData ID 128789
4/28 11:02:05.824  Wait Started -- FileData ID 1097505
4/28 11:02:05.824  Wait Finished -- FileData ID 1097505
4/28 11:02:05.824  Wait Started -- FileData ID 984867
4/28 11:02:05.824  Wait Finished -- FileData ID 984867
4/28 11:02:05.824  Wait Started -- FileData ID 3286820
4/28 11:02:05.824  Wait Finished -- FileData ID 3286820
4/28 11:02:05.824  Wait Started -- FileData ID 3548964
4/28 11:02:05.824  Wait Finished -- FileData ID 3548964
4/28 11:02:05.824  Wait Started -- FileData ID 984868
4/28 11:02:05.824  Wait Finished -- FileData ID 984868
4/28 11:02:05.824  Wait Started -- FileData ID 3548965
4/28 11:02:05.824  Wait Finished -- FileData ID 3548965
4/28 11:02:05.824  Wait Started -- FileData ID 3548966
4/28 11:02:05.824  Wait Finished -- FileData ID 3548966
4/28 11:02:05.824  Wait Started -- FileData ID 3548967
4/28 11:02:05.824  Wait Finished -- FileData ID 3548967
4/28 11:02:05.824  Wait Started -- FileData ID 3548968
4/28 11:02:05.824  Wait Finished -- FileData ID 3548968
4/28 11:02:05.824  Wait Started -- FileData ID 3548969
4/28 11:02:05.824  Wait Finished -- FileData ID 3548969
4/28 11:02:05.824  Wait Started -- FileData ID 3548970
4/28 11:02:05.824  Wait Finished -- FileData ID 3548970
4/28 11:02:05.824  Wait Started -- FileData ID 1097514
4/28 11:02:05.824  Wait Finished -- FileData ID 1097514
4/28 11:02:05.824  Wait Started -- FileData ID 3548971
4/28 11:02:05.824  Wait Finished -- FileData ID 3548971
4/28 11:02:05.824  Wait Started -- FileData ID 3548972
4/28 11:02:05.824  Wait Finished -- FileData ID 3548972
4/28 11:02:05.824  Wait Started -- FileData ID 3057452
4/28 11:02:05.824  Wait Finished -- FileData ID 3057452
4/28 11:02:05.824  Wait Started -- FileData ID 3548973
4/28 11:02:05.824  Wait Finished -- FileData ID 3548973
4/28 11:02:05.824  Wait Started -- FileData ID 3548974
4/28 11:02:05.824  Wait Finished -- FileData ID 3548974
4/28 11:02:05.824  Wait Started -- FileData ID 3548975
4/28 11:02:05.824  Wait Finished -- FileData ID 3548975
4/28 11:02:05.824  Wait Started -- FileData ID 1003317
4/28 11:02:05.824  Wait Finished -- FileData ID 1003317
4/28 11:02:05.824  Wait Started -- FileData ID 3391286
4/28 11:02:05.840  Wait Finished -- FileData ID 3391286
4/28 11:02:05.840  Wait Started -- FileData ID 1003318
4/28 11:02:05.840  Wait Finished -- FileData ID 1003318
4/28 11:02:05.840  Wait Started -- FileData ID 1003319
4/28 11:02:05.840  Wait Finished -- FileData ID 1003319
4/28 11:02:05.840  Wait Started -- FileData ID 130872
4/28 11:02:05.840  Wait Finished -- FileData ID 130872
4/28 11:02:05.840  Wait Started -- FileData ID 1003320
4/28 11:02:05.840  Wait Finished -- FileData ID 1003320
4/28 11:02:05.840  Wait Started -- FileData ID 948060
4/28 11:02:05.840  Wait Finished -- FileData ID 948060
4/28 11:02:05.840  Wait Started -- FileData ID 327523
4/28 11:02:05.840  Wait Finished -- FileData ID 327523
4/28 11:02:05.840  Wait Started -- FileData ID 950118
4/28 11:02:05.840  Wait Finished -- FileData ID 950118
4/28 11:02:05.840  Wait Started -- FileData ID 1101673
4/28 11:02:05.840  Wait Finished -- FileData ID 1101673
4/28 11:02:05.840  Wait Started -- FileData ID 1101674
4/28 11:02:05.840  Wait Finished -- FileData ID 1101674
4/28 11:02:05.840  Wait Started -- FileData ID 1062762
4/28 11:02:05.840  Wait Finished -- FileData ID 1062762
4/28 11:02:05.840  Wait Started -- FileData ID 3284850
4/28 11:02:05.840  Wait Finished -- FileData ID 3284850
4/28 11:02:05.840  Wait Started -- FileData ID 1118092
4/28 11:02:05.840  Wait Finished -- FileData ID 1118092
4/28 11:02:05.840  Wait Started -- FileData ID 145297
4/28 11:02:05.840  Wait Finished -- FileData ID 145297
4/28 11:02:05.840  Wait Started -- FileData ID 978836
4/28 11:02:05.840  Wait Finished -- FileData ID 978836
4/28 11:02:05.840  Wait Started -- FileData ID 987029
4/28 11:02:05.840  Wait Finished -- FileData ID 987029
4/28 11:02:05.840  Wait Started -- FileData ID 202647
4/28 11:02:05.840  Wait Finished -- FileData ID 202647
4/28 11:02:05.840  Wait Started -- FileData ID 1120152
4/28 11:02:05.840  Wait Finished -- FileData ID 1120152
4/28 11:02:05.840  Wait Started -- FileData ID 536472
4/28 11:02:05.840  Wait Finished -- FileData ID 536472
4/28 11:02:05.840  Wait Started -- FileData ID 1120153
4/28 11:02:05.840  Wait Finished -- FileData ID 1120153
4/28 11:02:05.840  Wait Started -- FileData ID 190362
4/28 11:02:05.840  Wait Finished -- FileData ID 190362
4/28 11:02:05.840  Wait Started -- FileData ID 1394593
4/28 11:02:05.840  Wait Finished -- FileData ID 1394593
4/28 11:02:05.856  Wait Started -- FileData ID 360353
4/28 11:02:05.856  Wait Finished -- FileData ID 360353
4/28 11:02:05.856  Wait Started -- FileData ID 3536805
4/28 11:02:05.856  Wait Finished -- FileData ID 3536805
4/28 11:02:05.856  Wait Started -- FileData ID 3536808
4/28 11:02:05.856  Wait Finished -- FileData ID 3536808
4/28 11:02:05.856  Wait Started -- FileData ID 1126313
4/28 11:02:05.856  Wait Finished -- FileData ID 1126313
4/28 11:02:05.856  Wait Started -- FileData ID 3035049
4/28 11:02:05.856  Wait Finished -- FileData ID 3035049
4/28 11:02:05.856  Wait Started -- FileData ID 3536810
4/28 11:02:05.856  Wait Finished -- FileData ID 3536810
4/28 11:02:05.856  Wait Started -- FileData ID 3540953
4/28 11:02:05.856  Wait Finished -- FileData ID 3540953
4/28 11:02:05.856  Wait Started -- FileData ID 3540954
4/28 11:02:05.856  Wait Finished -- FileData ID 3540954
4/28 11:02:05.856  Wait Started -- FileData ID 3540955
4/28 11:02:05.856  Wait Finished -- FileData ID 3540955
4/28 11:02:05.856  Wait Started -- FileData ID 1030118
4/28 11:02:05.856  Wait Finished -- FileData ID 1030118
4/28 11:02:05.856  Wait Started -- FileData ID 198631
4/28 11:02:05.856  Wait Finished -- FileData ID 198631
4/28 11:02:05.856  Wait Started -- FileData ID 3540974
4/28 11:02:05.856  Wait Finished -- FileData ID 3540974
4/28 11:02:05.856  Wait Started -- FileData ID 3540975
4/28 11:02:05.856  Wait Finished -- FileData ID 3540975
4/28 11:02:05.856  Wait Started -- FileData ID 1005551
4/28 11:02:05.856  Wait Finished -- FileData ID 1005551
4/28 11:02:05.856  Wait Started -- FileData ID 3540976
4/28 11:02:05.856  Wait Finished -- FileData ID 3540976
4/28 11:02:05.856  Wait Started -- FileData ID 3540977
4/28 11:02:05.856  Wait Finished -- FileData ID 3540977
4/28 11:02:05.856  Wait Started -- FileData ID 1054708
4/28 11:02:05.856  Wait Finished -- FileData ID 1054708
4/28 11:02:05.856  Wait Started -- FileData ID 1361909
4/28 11:02:05.856  Wait Finished -- FileData ID 1361909
4/28 11:02:05.856  Wait Started -- FileData ID 1814525
4/28 11:02:05.856  Wait Finished -- FileData ID 1814525
4/28 11:02:28.331  Cancel requested -- Interface\PaperDollInfoFrame\UI-GearManager-Border.blp
4/28 11:02:28.331  Cancel requested -- Interface\PaperDollInfoFrame\UI-GearManager-Title-Background.blp
4/28 11:02:28.331  Cancel requested -- Interface\PaperDollInfoFrame\UI-Character-CharacterTab-L1.blp
4/28 11:02:28.331  Cancel requested -- Interface\Buttons\UI-Panel-MinimizeButton-Disabled.blp
4/28 11:02:28.331  Cancel requested -- Interface\Buttons\UI-Panel-MinimizeButton-Up.blp
4/28 11:02:28.331  Cancel requested -- Interface\Buttons\UI-Panel-MinimizeButton-Down.blp
4/28 11:02:28.331  Cancel requested -- Interface\Buttons\UI-Panel-MinimizeButton-Highlight.blp
4/28 11:02:28.331  Cancel requested -- Interface\FrameGeneral\UI-Background-Rock.blp
4/28 11:02:28.331  Cancel requested -- FileData ID 1723833
4/28 11:02:28.331  Cancel requested -- Interface\FrameGeneral\UI-Background-Marble.blp
4/28 11:02:28.331  Cancel requested -- FileData ID 2406979
4/28 11:02:28.331  Cancel requested -- FileData ID 2406987
4/28 11:02:28.331  Cancel requested -- FileData ID 2406984
4/28 11:02:28.331  Cancel requested -- FileData ID 1723831
4/28 11:02:28.331  Cancel requested -- FileData ID 1723832
4/28 11:02:28.331  Cancel requested -- Interface\Glues\AccountUpgrade\golden-main.blp
4/28 11:02:28.331  Cancel requested -- Interface\Glues\AccountUpgrade\golden-h.blp
4/28 11:02:28.331  Cancel requested -- Interface\Glues\AccountUpgrade\golden-v.blp
4/28 11:02:28.331  Cancel requested -- Interface\Glues\AccountUpgrade\banners.blp
4/28 11:02:28.331  Cancel requested -- Interface\AchievementFrame\UI-Achievement-IconFrame.blp
4/28 11:02:28.331  Cancel requested -- Interface\DialogFrame\UI-DialogBox-Background.blp
4/28 11:02:28.331  Cancel requested -- FileData ID 3056750
4/28 11:02:28.331  Cancel requested -- FileData ID 3056750
4/28 11:02:28.331  Cancel requested -- FileData ID 3056755
4/28 11:02:28.331  Cancel requested -- Interface\COMMON\StreamBackground.blp
4/28 11:02:28.331  Cancel requested -- Interface\COMMON\StreamFrame.blp
4/28 11:02:28.331  Cancel requested -- Interface\COMMON\StreamCircle.blp
4/28 11:02:28.331  Cancel requested -- Interface\COMMON\StreamSpark.blp
4/28 11:02:28.331  Cancel processed -- Interface\PaperDollInfoFrame\UI-GearManager-Border.blp
4/28 11:02:28.331  Cancel processed -- Interface\PaperDollInfoFrame\UI-GearManager-Title-Background.blp
4/28 11:02:28.331  Cancel processed -- Interface\PaperDollInfoFrame\UI-Character-CharacterTab-L1.blp
4/28 11:02:28.331  Cancel processed -- Interface\Buttons\UI-Panel-MinimizeButton-Disabled.blp
4/28 11:02:28.331  Cancel processed -- Interface\Buttons\UI-Panel-MinimizeButton-Up.blp
4/28 11:02:28.331  Cancel processed -- Interface\Buttons\UI-Panel-MinimizeButton-Down.blp
4/28 11:02:28.331  Cancel processed -- Interface\Buttons\UI-Panel-MinimizeButton-Highlight.blp
4/28 11:02:28.331  Cancel processed -- Interface\FrameGeneral\UI-Background-Rock.blp
4/28 11:02:28.331  Cancel processed -- FileData ID 1723833
4/28 11:02:28.331  Cancel processed -- FileData ID 2406979
4/28 11:02:28.331  Cancel processed -- FileData ID 2406987
4/28 11:02:28.331  Cancel processed -- FileData ID 2406984
4/28 11:02:28.331  Cancel processed -- Interface\FrameGeneral\UI-Background-Marble.blp
4/28 11:02:28.331  Cancel processed -- FileData ID 1723831
4/28 11:02:28.331  Cancel processed -- FileData ID 1723832
4/28 11:02:28.331  Cancel processed -- Interface\Glues\AccountUpgrade\golden-main.blp
4/28 11:02:28.331  Cancel processed -- Interface\AchievementFrame\UI-Achievement-IconFrame.blp
4/28 11:02:28.331  Cancel processed -- Interface\Glues\AccountUpgrade\golden-h.blp
4/28 11:02:28.331  Cancel processed -- Interface\Glues\AccountUpgrade\golden-v.blp
4/28 11:02:28.331  Cancel processed -- Interface\Glues\AccountUpgrade\banners.blp
4/28 11:02:28.331  Cancel processed -- Interface\DialogFrame\UI-DialogBox-Background.blp
4/28 11:02:28.331  Cancel processed -- FileData ID 3056750
4/28 11:02:28.331  Cancel processed -- FileData ID 3056750
4/28 11:02:28.331  Cancel processed -- FileData ID 3056755
4/28 11:02:28.331  Cancel processed -- Interface\COMMON\StreamBackground.blp
4/28 11:02:28.331  Cancel processed -- Interface\COMMON\StreamFrame.blp
4/28 11:02:28.331  Cancel processed -- Interface\COMMON\StreamCircle.blp
4/28 11:02:28.331  Cancel processed -- Interface\COMMON\StreamSpark.blp
4/28 11:02:28.764  Wait Started -- FileData ID 131948
4/28 11:02:28.764  Wait Finished -- FileData ID 131948
4/28 11:02:28.764  Wait Started -- FileData ID 481178
4/28 11:02:28.764  Wait Finished -- FileData ID 481178
4/28 11:02:28.764  Wait Started -- FileData ID 1063499
4/28 11:02:28.764  Wait Finished -- FileData ID 1063499
4/28 11:02:28.764  Wait Started -- FileData ID 644000
4/28 11:02:28.764  Wait Finished -- FileData ID 644000
4/28 11:02:28.764  Wait Started -- FileData ID 1063500
4/28 11:02:28.764  Wait Finished -- FileData ID 1063500
4/28 11:02:28.764  Wait Started -- FileData ID 1063502
4/28 11:02:28.764  Wait Finished -- FileData ID 1063502
4/28 11:02:28.764  Wait Started -- FileData ID 1063503
4/28 11:02:28.764  Wait Finished -- FileData ID 1063503
4/28 11:02:28.764  Wait Started -- FileData ID 1063504
4/28 11:02:28.764  Wait Finished -- FileData ID 1063504
4/28 11:02:28.764  Wait Started -- FileData ID 1063505
4/28 11:02:28.764  Wait Finished -- FileData ID 1063505
4/28 11:02:28.764  Wait Started -- FileData ID 1063506
4/28 11:02:28.764  Wait Finished -- FileData ID 1063506
4/28 11:02:28.764  Wait Started -- FileData ID 1063507
4/28 11:02:28.764  Wait Finished -- FileData ID 1063507
4/28 11:02:28.764  Wait Started -- FileData ID 1063508
4/28 11:02:28.764  Wait Finished -- FileData ID 1063508
4/28 11:02:28.764  Wait Started -- FileData ID 605378
4/28 11:02:28.778  Wait Finished -- FileData ID 605378
4/28 11:02:28.778  Wait Started -- FileData ID 605373
4/28 11:02:28.778  Wait Finished -- FileData ID 605373
4/28 11:02:28.778  Wait Started -- FileData ID 605374
4/28 11:02:28.778  Wait Finished -- FileData ID 605374
4/28 11:02:28.778  Wait Started -- FileData ID 605377
4/28 11:02:28.778  Wait Finished -- FileData ID 605377
4/28 11:02:28.778  Wait Started -- FileData ID 605376
4/28 11:02:28.778  Wait Finished -- FileData ID 605376
4/28 11:02:28.778  Wait Started -- FileData ID 605375
4/28 11:02:28.778  Wait Finished -- FileData ID 605375
4/28 11:02:31.087  Wait Started -- FileData ID 1662242
4/28 11:02:31.087  Wait Finished -- FileData ID 1662242
4/28 11:02:31.090  Wait Started -- FileData ID 1662335
4/28 11:02:31.090  Wait Finished -- FileData ID 1662335
4/28 11:02:31.090  Wait Started -- FileData ID 1811221
4/28 11:02:31.090  Wait Finished -- FileData ID 1811221
4/28 11:02:31.090  Wait Started -- FileData ID 1811223
4/28 11:02:31.090  Wait Finished -- FileData ID 1811223
4/28 11:02:31.090  Wait Started -- FileData ID 1811225
4/28 11:02:31.090  Wait Finished -- FileData ID 1811225
4/28 11:02:31.090  Wait Started -- FileData ID 1811227
4/28 11:02:31.090  Wait Finished -- FileData ID 1811227
4/28 11:02:31.090  Wait Started -- FileData ID 1811229
4/28 11:02:31.090  Wait Finished -- FileData ID 1811229
4/28 11:02:31.090  Wait Started -- FileData ID 1811231
4/28 11:02:31.090  Wait Finished -- FileData ID 1811231
4/28 11:02:31.090  Wait Started -- FileData ID 1811233
4/28 11:02:31.090  Wait Finished -- FileData ID 1811233
4/28 11:02:31.090  Wait Started -- FileData ID 1811235
4/28 11:02:31.090  Wait Finished -- FileData ID 1811235
4/28 11:02:31.090  Wait Started -- FileData ID 1811237
4/28 11:02:31.090  Wait Finished -- FileData ID 1811237
4/28 11:02:31.090  Wait Started -- FileData ID 1811239
4/28 11:02:31.090  Wait Finished -- FileData ID 1811239
4/28 11:02:31.090  Wait Started -- FileData ID 1811241
4/28 11:02:31.090  Wait Finished -- FileData ID 1811241
4/28 11:02:31.090  Wait Started -- FileData ID 1811243
4/28 11:02:31.090  Wait Finished -- FileData ID 1811243
4/28 11:02:31.090  Wait Started -- FileData ID 1811245
4/28 11:02:31.107  Wait Finished -- FileData ID 1811245
4/28 11:02:31.107  Wait Started -- FileData ID 1811247
4/28 11:02:31.107  Wait Finished -- FileData ID 1811247
4/28 11:02:31.107  Wait Started -- FileData ID 1811249
4/28 11:02:31.107  Wait Finished -- FileData ID 1811249
4/28 11:02:31.107  Wait Started -- FileData ID 1811251
4/28 11:02:31.107  Wait Finished -- FileData ID 1811251
4/28 11:02:31.107  Wait Started -- FileData ID 1811253
4/28 11:02:31.107  Wait Finished -- FileData ID 1811253
4/28 11:02:31.107  Wait Started -- FileData ID 1811255
4/28 11:02:31.107  Wait Finished -- FileData ID 1811255
4/28 11:02:31.107  Wait Started -- FileData ID 1811257
4/28 11:02:31.107  Wait Finished -- FileData ID 1811257
4/28 11:02:31.107  Wait Started -- FileData ID 1811259
4/28 11:02:31.107  Wait Finished -- FileData ID 1811259
4/28 11:02:31.107  Wait Started -- FileData ID 1811261
4/28 11:02:31.107  Wait Finished -- FileData ID 1811261
4/28 11:02:31.107  Wait Started -- FileData ID 1811263
4/28 11:02:31.107  Wait Finished -- FileData ID 1811263
4/28 11:02:31.107  Wait Started -- FileData ID 1811265
4/28 11:02:31.107  Wait Finished -- FileData ID 1811265
4/28 11:02:31.107  Wait Started -- FileData ID 1811267
4/28 11:02:31.107  Wait Finished -- FileData ID 1811267
4/28 11:02:32.346  Wait Started -- FileData ID 131993
4/28 11:02:32.346  Wait Finished -- FileData ID 131993
4/28 11:02:32.346  Wait Started -- FileData ID 481194
4/28 11:02:32.346  Wait Finished -- FileData ID 481194
4/28 11:02:32.346  Wait Started -- FileData ID 131987
4/28 11:02:32.346  Wait Finished -- FileData ID 131987
4/28 11:02:32.346  Wait Started -- FileData ID 1093181
4/28 11:02:32.346  Wait Finished -- FileData ID 1093181
4/28 11:02:32.346  Wait Started -- FileData ID 1510484
4/28 11:02:32.346  Wait Finished -- FileData ID 1510484
4/28 11:02:32.346  Wait Started -- FileData ID 131983
4/28 11:02:32.346  Wait Finished -- FileData ID 131983
4/28 11:02:32.346  Wait Started -- FileData ID 131990
4/28 11:02:32.346  Wait Finished -- FileData ID 131990
4/28 11:02:32.346  Wait Started -- FileData ID 1063509
4/28 11:02:32.346  Wait Finished -- FileData ID 1063509
4/28 11:02:32.346  Wait Started -- FileData ID 1063526
4/28 11:02:32.346  Wait Finished -- FileData ID 1063526
4/28 11:02:32.346  Wait Started -- FileData ID 1063510
4/28 11:02:32.346  Wait Finished -- FileData ID 1063510
4/28 11:02:32.346  Wait Started -- FileData ID 1063511
4/28 11:02:32.356  Wait Finished -- FileData ID 1063511
4/28 11:02:32.356  Wait Started -- FileData ID 1063513
4/28 11:02:32.356  Wait Finished -- FileData ID 1063513
4/28 11:02:32.356  Wait Started -- FileData ID 1063514
4/28 11:02:32.356  Wait Finished -- FileData ID 1063514
4/28 11:02:32.356  Wait Started -- FileData ID 1063515
4/28 11:02:32.356  Wait Finished -- FileData ID 1063515
4/28 11:02:32.356  Wait Started -- FileData ID 1063516
4/28 11:02:32.356  Wait Finished -- FileData ID 1063516
4/28 11:02:32.356  Wait Started -- FileData ID 1063520
4/28 11:02:32.356  Wait Finished -- FileData ID 1063520
4/28 11:02:32.356  Wait Started -- FileData ID 131989
4/28 11:02:32.356  Wait Finished -- FileData ID 131989
4/28 11:02:32.356  Wait Started -- FileData ID 131984
4/28 11:02:32.356  Wait Finished -- FileData ID 131984
4/28 11:02:32.356  Wait Started -- FileData ID 1063528
4/28 11:02:32.356  Wait Finished -- FileData ID 1063528
4/28 11:02:32.356  Wait Started -- FileData ID 1063529
4/28 11:02:32.356  Wait Finished -- FileData ID 1063529
4/28 11:02:32.356  Wait Started -- FileData ID 1063530
4/28 11:02:32.356  Wait Finished -- FileData ID 1063530
4/28 11:02:32.356  Wait Started -- FileData ID 1063533
4/28 11:02:32.356  Wait Finished -- FileData ID 1063533
4/28 11:02:32.356  Wait Started -- FileData ID 1063534
4/28 11:02:32.356  Wait Finished -- FileData ID 1063534
4/28 11:02:32.356  Wait Started -- FileData ID 1093182
4/28 11:02:32.356  Wait Finished -- FileData ID 1093182
4/28 11:02:32.356  Wait Started -- FileData ID 1127985
4/28 11:02:32.356  Wait Finished -- FileData ID 1127985
4/28 11:02:32.356  Wait Started -- FileData ID 1063523
4/28 11:02:32.356  Wait Finished -- FileData ID 1063523
4/28 11:02:32.356  Wait Started -- FileData ID 1127976
4/28 11:02:32.356  Wait Finished -- FileData ID 1127976
4/28 11:02:32.356  Wait Started -- FileData ID 1063522
4/28 11:02:32.356  Wait Finished -- FileData ID 1063522
4/28 11:02:32.356  Wait Started -- FileData ID 1063512
4/28 11:02:32.356  Wait Finished -- FileData ID 1063512
4/28 11:02:32.356  Wait Started -- FileData ID 1063532
4/28 11:02:32.356  Wait Finished -- FileData ID 1063532
4/28 11:02:32.356  Wait Started -- FileData ID 1063524
4/28 11:02:32.356  Wait Finished -- FileData ID 1063524
4/28 11:02:32.356  Wait Started -- FileData ID 1063525
4/28 11:02:32.356  Wait Finished -- FileData ID 1063525
4/28 11:02:32.356  Wait Started -- FileData ID 1063527
4/28 11:02:32.356  Wait Finished -- FileData ID 1063527
4/28 11:02:32.356  Wait Started -- FileData ID 1063531
4/28 11:02:32.356  Wait Finished -- FileData ID 1063531
4/28 11:02:33.021  Wait Started -- FileData ID 3012267
4/28 11:02:33.021  Wait Finished -- FileData ID 3012267
4/28 11:02:33.021  Wait Started -- FileData ID 3012266
4/28 11:02:33.021  Wait Finished -- FileData ID 3012266
4/28 11:02:33.021  Wait Started -- FileData ID 3012265
4/28 11:02:33.021  Wait Finished -- FileData ID 3012265
4/28 11:02:33.021  Wait Started -- FileData ID 3012270
4/28 11:02:33.021  Wait Finished -- FileData ID 3012270
4/28 11:02:33.021  Wait Started -- FileData ID 3012269
4/28 11:02:33.034  Wait Finished -- FileData ID 3012269
4/28 11:02:33.034  Wait Started -- FileData ID 3012271
4/28 11:02:33.044  Wait Finished -- FileData ID 3012271
4/28 11:02:33.044  Wait Started -- FileData ID 3012272
4/28 11:02:33.044  Wait Finished -- FileData ID 3012272
4/28 11:02:33.044  Wait Started -- FileData ID 3012268
4/28 11:02:33.044  Wait Finished -- FileData ID 3012268
4/28 11:02:33.044  Wait Started -- FileData ID 3193206
4/28 11:02:33.067  Wait Finished -- FileData ID 3193206
4/28 11:02:33.067  Wait Started -- FileData ID 3193211
4/28 11:02:33.067  Wait Finished -- FileData ID 3193211
4/28 11:02:35.042  Wait Started -- FileData ID 2852007
4/28 11:02:35.042  Wait Finished -- FileData ID 2852007
4/28 11:02:35.129  Wait Started -- FileData ID 2868335
4/28 11:02:35.129  Wait Finished -- FileData ID 2868335
4/28 11:02:35.129  Wait Started -- FileData ID 2861530
4/28 11:02:35.156  Wait Finished -- FileData ID 2861530
4/28 11:02:35.156  Wait Started -- FileData ID 2868332
4/28 11:02:35.156  Wait Finished -- FileData ID 2868332
4/28 11:02:35.156  Wait Started -- FileData ID 2868331
4/28 11:02:35.156  Wait Finished -- FileData ID 2868331
4/28 11:02:35.156  Wait Started -- FileData ID 2868333
4/28 11:02:35.156  Wait Finished -- FileData ID 2868333
4/28 11:02:35.156  Wait Started -- FileData ID 2868334
4/28 11:02:35.156  Wait Finished -- FileData ID 2868334
4/28 11:02:35.156  Wait Started -- FileData ID 3074621
4/28 11:02:35.156  Wait Finished -- FileData ID 3074621
4/28 11:02:35.156  Wait Started -- FileData ID 3075064
4/28 11:02:35.156  Wait Finished -- FileData ID 3075064
4/28 11:02:35.156  Wait Started -- FileData ID 3075054
4/28 11:02:35.156  Wait Finished -- FileData ID 3075054
4/28 11:02:35.156  Wait Started -- FileData ID 3075061
4/28 11:02:35.156  Wait Finished -- FileData ID 3075061
4/28 11:02:35.156  Wait Started -- FileData ID 3075060
4/28 11:02:35.170  Wait Finished -- FileData ID 3075060
4/28 11:02:35.170  Wait Started -- FileData ID 3075062
4/28 11:02:35.170  Wait Finished -- FileData ID 3075062
4/28 11:02:35.170  Wait Started -- FileData ID 3075063
4/28 11:02:35.170  Wait Finished -- FileData ID 3075063
4/28 11:02:35.170  Wait Started -- FileData ID 3095989
4/28 11:02:35.170  Wait Finished -- FileData ID 3095989
4/28 11:02:35.170  Wait Started -- FileData ID 3097329
4/28 11:02:35.170  Wait Finished -- FileData ID 3097329
4/28 11:02:35.170  Wait Started -- FileData ID 3097251
4/28 11:02:35.170  Wait Finished -- FileData ID 3097251
4/28 11:02:35.170  Wait Started -- FileData ID 3097326
4/28 11:02:35.170  Wait Finished -- FileData ID 3097326
4/28 11:02:35.170  Wait Started -- FileData ID 3097325
4/28 11:02:35.170  Wait Finished -- FileData ID 3097325
4/28 11:02:35.170  Wait Started -- FileData ID 3097327
4/28 11:02:35.170  Wait Finished -- FileData ID 3097327
4/28 11:02:35.170  Wait Started -- FileData ID 3097328
4/28 11:02:35.170  Wait Finished -- FileData ID 3097328
4/28 11:02:40.138  Cancel requested -- Interface\Minimap\UI-Minimap-ZoomOutButton-Up.blp
4/28 11:02:40.176  Cancel processed -- Interface\Minimap\UI-Minimap-ZoomOutButton-Up.blp
4/28 11:04:40.599  Cancel requested -- Interface\Minimap\UI-Minimap-ZoomOutButton-Up.blp
4/28 11:04:40.599  Cancel processed -- Interface\Minimap\UI-Minimap-ZoomOutButton-Up.blp
4/28 11:04:41.830  Cancel requested -- Interface\CastingBar\UI-CastingBar-Flash.blp
4/28 11:04:41.830  Cancel processed -- Interface\CastingBar\UI-CastingBar-Flash.blp
4/28 11:08:27.655  Cancel requested -- Interface\RaidFrame\Absorb-Edge.blp
4/28 11:08:27.655  Cancel requested -- Interface\RaidFrame\Shield-Fill.blp
4/28 11:08:27.655  Cancel requested -- Interface\RaidFrame\Shield-Overlay.blp
4/28 11:08:27.655  Cancel requested -- Interface\RaidFrame\Absorb-Fill.blp
4/28 11:08:27.655  Cancel requested -- Interface\RaidFrame\Absorb-Overabsorb.blp
4/28 11:08:27.655  Cancel requested -- Interface\TargetingFrame\UI-RaidTargetingIcons.blp
4/28 11:08:27.655  Cancel processed -- Interface\RaidFrame\Absorb-Edge.blp
4/28 11:08:27.655  Cancel processed -- Interface\TargetingFrame\UI-RaidTargetingIcons.blp
4/28 11:08:27.655  Cancel processed -- Interface\RaidFrame\Absorb-Fill.blp
4/28 11:08:27.655  Cancel processed -- Interface\RaidFrame\Shield-Fill.blp
4/28 11:08:27.655  Cancel processed -- Interface\RaidFrame\Shield-Overlay.blp
4/28 11:08:27.655  Cancel processed -- Interface\RaidFrame\Absorb-Overabsorb.blp
4/28 11:14:21.722  Shutdown
